#
# There is insufficient memory for the Java Runtime Environment to continue.
# Native memory allocation (malloc) failed to allocate 1403376 bytes for Chunk::new
# Possible reasons:
#   The system is out of physical RAM or swap space
#   The process is running with CompressedOops enabled, and the Java Heap may be blocking the growth of the native heap
# Possible solutions:
#   Reduce memory load on the system
#   Increase physical memory or swap space
#   Check if swap backing store is full
#   Decrease Java heap size (-Xmx/-Xms)
#   Decrease number of Java threads
#   Decrease Java thread stack sizes (-Xss)
#   Set larger code cache with -XX:ReservedCodeCacheSize=
#   JVM is running with Unscaled Compressed Oops mode in which the Java heap is
#     placed in the first 4GB address space. The Java Heap base address is the
#     maximum limit for the native heap growth. Please use -XX:HeapBaseMinAddress
#     to set the Java Heap base and to place the Java Heap above 4GB virtual address.
# This output file may be truncated or incomplete.
#
#  Out of Memory Error (./src/hotspot/share/memory/arena.cpp:197), pid=1496, tid=12688
#
# JRE version: OpenJDK Runtime Environment (11.0.13) (build 11.0.13+0-b1751.21-8125866)
# Java VM: OpenJDK 64-Bit Server VM (11.0.13+0-b1751.21-8125866, mixed mode, tiered, compressed oops, g1 gc, windows-amd64)
# No core dump will be written. Minidumps are not enabled by default on client versions of Windows
#

---------------  S U M M A R Y ------------

Command Line: --add-opens=java.base/java.util=ALL-UNNAMED --add-opens=java.base/java.lang=ALL-UNNAMED --add-opens=java.base/java.lang.invoke=ALL-UNNAMED --add-opens=java.base/java.util=ALL-UNNAMED --add-opens=java.prefs/java.util.prefs=ALL-UNNAMED --add-opens=java.prefs/java.util.prefs=ALL-UNNAMED --add-opens=java.base/java.nio.charset=ALL-UNNAMED --add-opens=java.base/java.net=ALL-UNNAMED --add-opens=java.base/java.util.concurrent.atomic=ALL-UNNAMED -Xmx2048m -Dfile.encoding=UTF-8 -Duser.country=US -Duser.language=en -Duser.variant org.gradle.launcher.daemon.bootstrap.GradleDaemon 7.4

Host: AMD Ryzen 5 3500U with Radeon Vega Mobile Gfx  , 8 cores, 5G,  Windows 11 , 64 bit Build 22621 (10.0.22621.608)
Time: Tue Nov  8 16:58:39 2022 India Standard Time elapsed time: 20.809560 seconds (0d 0h 0m 20s)

---------------  T H R E A D  ---------------

Current thread (0x000001dae4365800):  JavaThread "C2 CompilerThread0" daemon [_thread_in_native, id=12688, stack(0x0000004d17100000,0x0000004d17200000)]


Current CompileTask:
C2:  20809 7088 %     4       org.gradle.internal.instantiation.generator.AbstractClassGenerator::inspectType @ 107 (560 bytes)

Stack: [0x0000004d17100000,0x0000004d17200000]
Native frames: (J=compiled Java code, j=interpreted, Vv=VM code, C=native code)
V  [jvm.dll+0x6100fa]
V  [jvm.dll+0x747090]
V  [jvm.dll+0x7486ad]
V  [jvm.dll+0x748d83]
V  [jvm.dll+0x24ab48]
V  [jvm.dll+0xc04dc]
V  [jvm.dll+0xc0a0c]
V  [jvm.dll+0x35eb9d]
V  [jvm.dll+0x19d9bc]
V  [jvm.dll+0x2033be]
V  [jvm.dll+0x202437]
V  [jvm.dll+0x188e01]
V  [jvm.dll+0x21106b]
V  [jvm.dll+0x20f8c1]
V  [jvm.dll+0x70de0f]
V  [jvm.dll+0x706a75]
V  [jvm.dll+0x60ed66]
C  [ucrtbase.dll+0x29363]
C  [KERNEL32.DLL+0x1244d]
C  [ntdll.dll+0x5df78]


---------------  P R O C E S S  ---------------

Threads class SMR info:
_java_thread_list=0x000001daeade7410, length=122, elements={
0x000001dac9677800, 0x000001dae3aef000, 0x000001dae435a800, 0x000001dae4360000,
0x000001dae4363800, 0x000001dae4364800, 0x000001dae4365800, 0x000001dae4367800,
0x000001dae436f000, 0x000001dae4501800, 0x000001dae5984000, 0x000001dae5e21800,
0x000001dae51b5000, 0x000001dae5ff2800, 0x000001dae5f38000, 0x000001dae51da800,
0x000001dae6468800, 0x000001dae646b000, 0x000001dae646d000, 0x000001dae5a9d000,
0x000001dae66b6800, 0x000001dae66b9000, 0x000001dae66b5000, 0x000001dae66b3000,
0x000001dae66b5800, 0x000001dae66b8000, 0x000001dae66ba000, 0x000001dae66b7800,
0x000001dae66b4000, 0x000001dae689d800, 0x000001dae689b000, 0x000001dae689a800,
0x000001dae6899800, 0x000001dae689d000, 0x000001dae68a4000, 0x000001dae68a5000,
0x000001dae68a1800, 0x000001dae68a2800, 0x000001dae68a3800, 0x000001dae68a5800,
0x000001dae68a0000, 0x000001dae68a6800, 0x000001dae68a1000, 0x000001dae68a7800,
0x000001dae68a8000, 0x000001dae6a43000, 0x000001dae6a44000, 0x000001dae6a3e000,
0x000001dae6a44800, 0x000001dae6a40000, 0x000001dae6a3f000, 0x000001dae6a46800,
0x000001dae6a40800, 0x000001dae6a47000, 0x000001dae6a45800, 0x000001dae6a41800,
0x000001dae6a48000, 0x000001dae6a42800, 0x000001dae6a49000, 0x000001dae6a49800,
0x000001dae6a4d000, 0x000001dae6a4a800, 0x000001dae6a4b800, 0x000001dae6a4c000,
0x000001daea7a4800, 0x000001daea7a3000, 0x000001daea7a5000, 0x000001daea7a6000,
0x000001daea7a7000, 0x000001daea7a1000, 0x000001daea7a3800, 0x000001daea7a2000,
0x000001daea7ab000, 0x000001daea7a9800, 0x000001daea7aa000, 0x000001daea7ac800,
0x000001daea7ad800, 0x000001daea7a7800, 0x000001daea7ab800, 0x000001daea7ae000,
0x000001daea7a8800, 0x000001daea7af000, 0x000001daea7b0000, 0x000001dae6ed8000,
0x000001dae6ed9000, 0x000001dae6edd000, 0x000001dae6edc000, 0x000001dae6ede000,
0x000001dae6ede800, 0x000001dae6edf800, 0x000001dae6ed9800, 0x000001dae6ee0800,
0x000001dae6eda800, 0x000001dae6ee1000, 0x000001dae6edb800, 0x000001dae6ee6000,
0x000001dae6ee2000, 0x000001dae6ee2800, 0x000001dae6ee3800, 0x000001dae6ee4800,
0x000001dae6ee5000, 0x000001dae6ee7000, 0x000001daea81c800, 0x000001daea818800,
0x000001daea81b800, 0x000001daea81b000, 0x000001daea817800, 0x000001daea81d800,
0x000001daea81e000, 0x000001daea81f000, 0x000001daea819000, 0x000001daea81a000,
0x000001daea823000, 0x000001daea820000, 0x000001daea825800, 0x000001daea824000,
0x000001daea822000, 0x000001daea826800, 0x000001daea824800, 0x000001daea820800,
0x000001daea821800, 0x000001daeaef2000
}

Java Threads: ( => current thread )
  0x000001dac9677800 JavaThread "main" [_thread_blocked, id=3436, stack(0x0000004d16500000,0x0000004d16600000)]
  0x000001dae3aef000 JavaThread "Reference Handler" daemon [_thread_blocked, id=3752, stack(0x0000004d16c00000,0x0000004d16d00000)]
  0x000001dae435a800 JavaThread "Finalizer" daemon [_thread_blocked, id=13164, stack(0x0000004d16d00000,0x0000004d16e00000)]
  0x000001dae4360000 JavaThread "Signal Dispatcher" daemon [_thread_blocked, id=476, stack(0x0000004d16e00000,0x0000004d16f00000)]
  0x000001dae4363800 JavaThread "Attach Listener" daemon [_thread_blocked, id=9484, stack(0x0000004d16f00000,0x0000004d17000000)]
  0x000001dae4364800 JavaThread "Service Thread" daemon [_thread_blocked, id=2160, stack(0x0000004d17000000,0x0000004d17100000)]
=>0x000001dae4365800 JavaThread "C2 CompilerThread0" daemon [_thread_in_native, id=12688, stack(0x0000004d17100000,0x0000004d17200000)]
  0x000001dae4367800 JavaThread "C1 CompilerThread0" daemon [_thread_blocked, id=2236, stack(0x0000004d17200000,0x0000004d17300000)]
  0x000001dae436f000 JavaThread "Sweeper thread" daemon [_thread_blocked, id=7548, stack(0x0000004d17300000,0x0000004d17400000)]
  0x000001dae4501800 JavaThread "Common-Cleaner" daemon [_thread_blocked, id=11760, stack(0x0000004d17400000,0x0000004d17500000)]
  0x000001dae5984000 JavaThread "Daemon health stats" [_thread_blocked, id=3612, stack(0x0000004d17700000,0x0000004d17800000)]
  0x000001dae5e21800 JavaThread "Incoming local TCP Connector on port 50756" [_thread_in_native, id=6232, stack(0x0000004d17800000,0x0000004d17900000)]
  0x000001dae51b5000 JavaThread "Daemon periodic checks" [_thread_blocked, id=10692, stack(0x0000004d17900000,0x0000004d17a00000)]
  0x000001dae5ff2800 JavaThread "Daemon" [_thread_blocked, id=6228, stack(0x0000004d17a00000,0x0000004d17b00000)]
  0x000001dae5f38000 JavaThread "Handler for socket connection from /127.0.0.1:50756 to /127.0.0.1:50757" [_thread_in_native, id=6016, stack(0x0000004d17b00000,0x0000004d17c00000)]
  0x000001dae51da800 JavaThread "Cancel handler" [_thread_blocked, id=6732, stack(0x0000004d17c00000,0x0000004d17d00000)]
  0x000001dae6468800 JavaThread "Daemon worker" [_thread_in_vm, id=1644, stack(0x0000004d17d00000,0x0000004d17e00000)]
  0x000001dae646b000 JavaThread "Asynchronous log dispatcher for DefaultDaemonConnection: socket connection from /127.0.0.1:50756 to /127.0.0.1:50757" [_thread_blocked, id=3828, stack(0x0000004d17e00000,0x0000004d17f00000)]
  0x000001dae646d000 JavaThread "Stdin handler" [_thread_blocked, id=9188, stack(0x0000004d17f00000,0x0000004d18000000)]
  0x000001dae5a9d000 JavaThread "Daemon client event forwarder" [_thread_blocked, id=1508, stack(0x0000004d18000000,0x0000004d18100000)]
  0x000001dae66b6800 JavaThread "Cache worker for journal cache (C:\Users\DELL\.gradle\caches\journal-1)" [_thread_blocked, id=12168, stack(0x0000004d18700000,0x0000004d18800000)]
  0x000001dae66b9000 JavaThread "File lock request listener" [_thread_in_native, id=12160, stack(0x0000004d18800000,0x0000004d18900000)]
  0x000001dae66b5000 JavaThread "Cache worker for file hash cache (C:\Users\DELL\.gradle\caches\7.4\fileHashes)" [_thread_blocked, id=8456, stack(0x0000004d18900000,0x0000004d18a00000)]
  0x000001dae66b3000 JavaThread "File watcher server" daemon [_thread_in_native, id=5080, stack(0x0000004d18b00000,0x0000004d18c00000)]
  0x000001dae66b5800 JavaThread "File watcher consumer" daemon [_thread_blocked, id=2296, stack(0x0000004d18c00000,0x0000004d18d00000)]
  0x000001dae66b8000 JavaThread "Cache worker for checksums cache (C:\Users\DELL\AndroidStudioProjects\SnakeGame\.gradle\7.4\checksums)" [_thread_blocked, id=7140, stack(0x0000004d18d00000,0x0000004d18e00000)]
  0x000001dae66ba000 JavaThread "Cache worker for cache directory md-rule (C:\Users\DELL\.gradle\caches\7.4\md-rule)" [_thread_blocked, id=10840, stack(0x0000004d18e00000,0x0000004d18f00000)]
  0x000001dae66b7800 JavaThread "Cache worker for file hash cache (C:\Users\DELL\AndroidStudioProjects\SnakeGame\.gradle\7.4\fileHashes)" [_thread_blocked, id=12532, stack(0x0000004d18f00000,0x0000004d19000000)]
  0x000001dae66b4000 JavaThread "Cache worker for cache directory md-supplier (C:\Users\DELL\.gradle\caches\7.4\md-supplier)" [_thread_blocked, id=3676, stack(0x0000004d19000000,0x0000004d19100000)]
  0x000001dae689d800 JavaThread "Cache worker for execution history cache (C:\Users\DELL\.gradle\caches\7.4\executionHistory)" [_thread_blocked, id=6756, stack(0x0000004d19100000,0x0000004d19200000)]
  0x000001dae689b000 JavaThread "jar transforms" [_thread_blocked, id=1636, stack(0x0000004d19200000,0x0000004d19300000)]
  0x000001dae689a800 JavaThread "Cache worker for file content cache (C:\Users\DELL\.gradle\caches\7.4\fileContent)" [_thread_blocked, id=9916, stack(0x0000004d19300000,0x0000004d19400000)]
  0x000001dae6899800 JavaThread "jar transforms Thread 2" [_thread_blocked, id=1092, stack(0x0000004d19400000,0x0000004d19500000)]
  0x000001dae689d000 JavaThread "Cache worker for dependencies-accessors (C:\Users\DELL\AndroidStudioProjects\SnakeGame\.gradle\7.4\dependencies-accessors)" [_thread_blocked, id=13076, stack(0x0000004d19500000,0x0000004d19600000)]
  0x000001dae68a4000 JavaThread "jar transforms Thread 3" [_thread_blocked, id=12764, stack(0x0000004d19600000,0x0000004d19700000)]
  0x000001dae68a5000 JavaThread "Cache worker for Build Output Cleanup Cache (C:\Users\DELL\AndroidStudioProjects\SnakeGame\.gradle\buildOutputCleanup)" [_thread_blocked, id=12460, stack(0x0000004d19700000,0x0000004d19800000)]
  0x000001dae68a1800 JavaThread "Unconstrained build operations" [_thread_blocked, id=1592, stack(0x0000004d19800000,0x0000004d19900000)]
  0x000001dae68a2800 JavaThread "Unconstrained build operations Thread 2" [_thread_blocked, id=4168, stack(0x0000004d19900000,0x0000004d19a00000)]
  0x000001dae68a3800 JavaThread "Unconstrained build operations Thread 3" [_thread_blocked, id=11528, stack(0x0000004d19a00000,0x0000004d19b00000)]
  0x000001dae68a5800 JavaThread "Unconstrained build operations Thread 4" [_thread_blocked, id=3268, stack(0x0000004d19b00000,0x0000004d19c00000)]
  0x000001dae68a0000 JavaThread "Unconstrained build operations Thread 5" [_thread_blocked, id=5596, stack(0x0000004d19c00000,0x0000004d19d00000)]
  0x000001dae68a6800 JavaThread "Unconstrained build operations Thread 6" [_thread_blocked, id=8244, stack(0x0000004d19d00000,0x0000004d19e00000)]
  0x000001dae68a1000 JavaThread "Unconstrained build operations Thread 7" [_thread_blocked, id=9184, stack(0x0000004d19e00000,0x0000004d19f00000)]
  0x000001dae68a7800 JavaThread "Unconstrained build operations Thread 8" [_thread_blocked, id=9488, stack(0x0000004d19f00000,0x0000004d1a000000)]
  0x000001dae68a8000 JavaThread "Unconstrained build operations Thread 9" [_thread_blocked, id=9984, stack(0x0000004d1a000000,0x0000004d1a100000)]
  0x000001dae6a43000 JavaThread "Unconstrained build operations Thread 10" [_thread_blocked, id=2600, stack(0x0000004d1a100000,0x0000004d1a200000)]
  0x000001dae6a44000 JavaThread "Unconstrained build operations Thread 11" [_thread_blocked, id=7424, stack(0x0000004d1a200000,0x0000004d1a300000)]
  0x000001dae6a3e000 JavaThread "Unconstrained build operations Thread 12" [_thread_blocked, id=6244, stack(0x0000004d1a300000,0x0000004d1a400000)]
  0x000001dae6a44800 JavaThread "Unconstrained build operations Thread 13" [_thread_blocked, id=7944, stack(0x0000004d1a400000,0x0000004d1a500000)]
  0x000001dae6a40000 JavaThread "Unconstrained build operations Thread 14" [_thread_blocked, id=12284, stack(0x0000004d1a500000,0x0000004d1a600000)]
  0x000001dae6a3f000 JavaThread "Unconstrained build operations Thread 15" [_thread_blocked, id=3716, stack(0x0000004d1a600000,0x0000004d1a700000)]
  0x000001dae6a46800 JavaThread "Unconstrained build operations Thread 16" [_thread_blocked, id=2856, stack(0x0000004d1a700000,0x0000004d1a800000)]
  0x000001dae6a40800 JavaThread "Unconstrained build operations Thread 17" [_thread_blocked, id=5648, stack(0x0000004d1a800000,0x0000004d1a900000)]
  0x000001dae6a47000 JavaThread "Unconstrained build operations Thread 18" [_thread_blocked, id=7496, stack(0x0000004d1a900000,0x0000004d1aa00000)]
  0x000001dae6a45800 JavaThread "Unconstrained build operations Thread 19" [_thread_blocked, id=8576, stack(0x0000004d1aa00000,0x0000004d1ab00000)]
  0x000001dae6a41800 JavaThread "Unconstrained build operations Thread 20" [_thread_blocked, id=12940, stack(0x0000004d1ab00000,0x0000004d1ac00000)]
  0x000001dae6a48000 JavaThread "Unconstrained build operations Thread 21" [_thread_blocked, id=3296, stack(0x0000004d1ac00000,0x0000004d1ad00000)]
  0x000001dae6a42800 JavaThread "Unconstrained build operations Thread 22" [_thread_blocked, id=5416, stack(0x0000004d1ad00000,0x0000004d1ae00000)]
  0x000001dae6a49000 JavaThread "Unconstrained build operations Thread 23" [_thread_blocked, id=10448, stack(0x0000004d1ae00000,0x0000004d1af00000)]
  0x000001dae6a49800 JavaThread "Unconstrained build operations Thread 24" [_thread_blocked, id=12524, stack(0x0000004d1af00000,0x0000004d1b000000)]
  0x000001dae6a4d000 JavaThread "Unconstrained build operations Thread 25" [_thread_blocked, id=11976, stack(0x0000004d1b000000,0x0000004d1b100000)]
  0x000001dae6a4a800 JavaThread "Unconstrained build operations Thread 26" [_thread_blocked, id=8336, stack(0x0000004d1b100000,0x0000004d1b200000)]
  0x000001dae6a4b800 JavaThread "Unconstrained build operations Thread 27" [_thread_blocked, id=5204, stack(0x0000004d1b200000,0x0000004d1b300000)]
  0x000001dae6a4c000 JavaThread "Unconstrained build operations Thread 28" [_thread_blocked, id=7672, stack(0x0000004d1b300000,0x0000004d1b400000)]
  0x000001daea7a4800 JavaThread "Unconstrained build operations Thread 29" [_thread_blocked, id=6928, stack(0x0000004d1b400000,0x0000004d1b500000)]
  0x000001daea7a3000 JavaThread "Unconstrained build operations Thread 30" [_thread_blocked, id=11740, stack(0x0000004d1b500000,0x0000004d1b600000)]
  0x000001daea7a5000 JavaThread "Unconstrained build operations Thread 31" [_thread_blocked, id=11488, stack(0x0000004d1b600000,0x0000004d1b700000)]
  0x000001daea7a6000 JavaThread "Unconstrained build operations Thread 32" [_thread_blocked, id=5864, stack(0x0000004d1b700000,0x0000004d1b800000)]
  0x000001daea7a7000 JavaThread "Unconstrained build operations Thread 33" [_thread_blocked, id=13192, stack(0x0000004d1b800000,0x0000004d1b900000)]
  0x000001daea7a1000 JavaThread "Unconstrained build operations Thread 34" [_thread_blocked, id=11364, stack(0x0000004d1b900000,0x0000004d1ba00000)]
  0x000001daea7a3800 JavaThread "Unconstrained build operations Thread 35" [_thread_blocked, id=10952, stack(0x0000004d1ba00000,0x0000004d1bb00000)]
  0x000001daea7a2000 JavaThread "Unconstrained build operations Thread 36" [_thread_blocked, id=12820, stack(0x0000004d1bb00000,0x0000004d1bc00000)]
  0x000001daea7ab000 JavaThread "Unconstrained build operations Thread 37" [_thread_blocked, id=6192, stack(0x0000004d1bc00000,0x0000004d1bd00000)]
  0x000001daea7a9800 JavaThread "Unconstrained build operations Thread 38" [_thread_blocked, id=1660, stack(0x0000004d1bd00000,0x0000004d1be00000)]
  0x000001daea7aa000 JavaThread "Unconstrained build operations Thread 39" [_thread_blocked, id=11360, stack(0x0000004d1be00000,0x0000004d1bf00000)]
  0x000001daea7ac800 JavaThread "Unconstrained build operations Thread 40" [_thread_blocked, id=7432, stack(0x0000004d1bf00000,0x0000004d1c000000)]
  0x000001daea7ad800 JavaThread "Unconstrained build operations Thread 41" [_thread_blocked, id=7364, stack(0x0000004d1c000000,0x0000004d1c100000)]
  0x000001daea7a7800 JavaThread "Unconstrained build operations Thread 42" [_thread_blocked, id=12696, stack(0x0000004d1c100000,0x0000004d1c200000)]
  0x000001daea7ab800 JavaThread "Unconstrained build operations Thread 43" [_thread_blocked, id=8500, stack(0x0000004d1c200000,0x0000004d1c300000)]
  0x000001daea7ae000 JavaThread "Unconstrained build operations Thread 44" [_thread_blocked, id=11372, stack(0x0000004d1c300000,0x0000004d1c400000)]
  0x000001daea7a8800 JavaThread "Unconstrained build operations Thread 45" [_thread_blocked, id=10548, stack(0x0000004d1c400000,0x0000004d1c500000)]
  0x000001daea7af000 JavaThread "Unconstrained build operations Thread 46" [_thread_blocked, id=3192, stack(0x0000004d1c500000,0x0000004d1c600000)]
  0x000001daea7b0000 JavaThread "Unconstrained build operations Thread 47" [_thread_blocked, id=6280, stack(0x0000004d1c600000,0x0000004d1c700000)]
  0x000001dae6ed8000 JavaThread "Unconstrained build operations Thread 48" [_thread_blocked, id=4432, stack(0x0000004d1c700000,0x0000004d1c800000)]
  0x000001dae6ed9000 JavaThread "Unconstrained build operations Thread 49" [_thread_blocked, id=7072, stack(0x0000004d1c800000,0x0000004d1c900000)]
  0x000001dae6edd000 JavaThread "Unconstrained build operations Thread 50" [_thread_blocked, id=2540, stack(0x0000004d1c900000,0x0000004d1ca00000)]
  0x000001dae6edc000 JavaThread "Unconstrained build operations Thread 51" [_thread_blocked, id=7616, stack(0x0000004d1ca00000,0x0000004d1cb00000)]
  0x000001dae6ede000 JavaThread "Unconstrained build operations Thread 52" [_thread_blocked, id=9952, stack(0x0000004d1cb00000,0x0000004d1cc00000)]
  0x000001dae6ede800 JavaThread "Unconstrained build operations Thread 53" [_thread_blocked, id=3696, stack(0x0000004d1cc00000,0x0000004d1cd00000)]
  0x000001dae6edf800 JavaThread "Unconstrained build operations Thread 54" [_thread_blocked, id=4136, stack(0x0000004d1cd00000,0x0000004d1ce00000)]
  0x000001dae6ed9800 JavaThread "Unconstrained build operations Thread 55" [_thread_blocked, id=7356, stack(0x0000004d1ce00000,0x0000004d1cf00000)]
  0x000001dae6ee0800 JavaThread "Unconstrained build operations Thread 56" [_thread_blocked, id=2808, stack(0x0000004d1cf00000,0x0000004d1d000000)]
  0x000001dae6eda800 JavaThread "Unconstrained build operations Thread 57" [_thread_blocked, id=9908, stack(0x0000004d1d000000,0x0000004d1d100000)]
  0x000001dae6ee1000 JavaThread "Unconstrained build operations Thread 58" [_thread_blocked, id=11640, stack(0x0000004d1d100000,0x0000004d1d200000)]
  0x000001dae6edb800 JavaThread "Unconstrained build operations Thread 59" [_thread_blocked, id=2196, stack(0x0000004d1d200000,0x0000004d1d300000)]
  0x000001dae6ee6000 JavaThread "Unconstrained build operations Thread 60" [_thread_blocked, id=6584, stack(0x0000004d1d300000,0x0000004d1d400000)]
  0x000001dae6ee2000 JavaThread "Unconstrained build operations Thread 61" [_thread_blocked, id=2920, stack(0x0000004d1d400000,0x0000004d1d500000)]
  0x000001dae6ee2800 JavaThread "Unconstrained build operations Thread 62" [_thread_blocked, id=3824, stack(0x0000004d1d500000,0x0000004d1d600000)]
  0x000001dae6ee3800 JavaThread "Unconstrained build operations Thread 63" [_thread_blocked, id=2272, stack(0x0000004d1d600000,0x0000004d1d700000)]
  0x000001dae6ee4800 JavaThread "Unconstrained build operations Thread 64" [_thread_blocked, id=8788, stack(0x0000004d1d700000,0x0000004d1d800000)]
  0x000001dae6ee5000 JavaThread "Unconstrained build operations Thread 65" [_thread_blocked, id=2224, stack(0x0000004d1d800000,0x0000004d1d900000)]
  0x000001dae6ee7000 JavaThread "Unconstrained build operations Thread 66" [_thread_blocked, id=12664, stack(0x0000004d1d900000,0x0000004d1da00000)]
  0x000001daea81c800 JavaThread "Unconstrained build operations Thread 67" [_thread_blocked, id=12672, stack(0x0000004d1da00000,0x0000004d1db00000)]
  0x000001daea818800 JavaThread "Unconstrained build operations Thread 68" [_thread_blocked, id=12216, stack(0x0000004d1db00000,0x0000004d1dc00000)]
  0x000001daea81b800 JavaThread "Unconstrained build operations Thread 69" [_thread_blocked, id=12768, stack(0x0000004d1dc00000,0x0000004d1dd00000)]
  0x000001daea81b000 JavaThread "Unconstrained build operations Thread 70" [_thread_blocked, id=12816, stack(0x0000004d1dd00000,0x0000004d1de00000)]
  0x000001daea817800 JavaThread "Unconstrained build operations Thread 71" [_thread_blocked, id=4364, stack(0x0000004d1de00000,0x0000004d1df00000)]
  0x000001daea81d800 JavaThread "Unconstrained build operations Thread 72" [_thread_blocked, id=10772, stack(0x0000004d1df00000,0x0000004d1e000000)]
  0x000001daea81e000 JavaThread "Unconstrained build operations Thread 73" [_thread_blocked, id=6760, stack(0x0000004d1e000000,0x0000004d1e100000)]
  0x000001daea81f000 JavaThread "Unconstrained build operations Thread 74" [_thread_blocked, id=12848, stack(0x0000004d1e100000,0x0000004d1e200000)]
  0x000001daea819000 JavaThread "Unconstrained build operations Thread 75" [_thread_blocked, id=12504, stack(0x0000004d1e200000,0x0000004d1e300000)]
  0x000001daea81a000 JavaThread "Unconstrained build operations Thread 76" [_thread_blocked, id=9476, stack(0x0000004d1e300000,0x0000004d1e400000)]
  0x000001daea823000 JavaThread "Unconstrained build operations Thread 77" [_thread_blocked, id=9660, stack(0x0000004d1e400000,0x0000004d1e500000)]
  0x000001daea820000 JavaThread "Unconstrained build operations Thread 78" [_thread_blocked, id=12944, stack(0x0000004d1e500000,0x0000004d1e600000)]
  0x000001daea825800 JavaThread "Unconstrained build operations Thread 79" [_thread_blocked, id=6504, stack(0x0000004d1e600000,0x0000004d1e700000)]
  0x000001daea824000 JavaThread "Unconstrained build operations Thread 80" [_thread_blocked, id=1072, stack(0x0000004d1e700000,0x0000004d1e800000)]
  0x000001daea822000 JavaThread "jar transforms Thread 4" [_thread_blocked, id=8896, stack(0x0000004d1e800000,0x0000004d1e900000)]
  0x000001daea826800 JavaThread "jar transforms Thread 5" [_thread_blocked, id=3048, stack(0x0000004d1e900000,0x0000004d1ea00000)]
  0x000001daea824800 JavaThread "jar transforms Thread 6" [_thread_blocked, id=4984, stack(0x0000004d1ea00000,0x0000004d1eb00000)]
  0x000001daea820800 JavaThread "jar transforms Thread 7" [_thread_blocked, id=6348, stack(0x0000004d1eb00000,0x0000004d1ec00000)]
  0x000001daea821800 JavaThread "jar transforms Thread 8" [_thread_blocked, id=7544, stack(0x0000004d1ec00000,0x0000004d1ed00000)]
  0x000001daeaef2000 JavaThread "Memory manager" [_thread_blocked, id=1780, stack(0x0000004d1ed00000,0x0000004d1ee00000)]

Other Threads:
  0x000001dae3aec000 VMThread "VM Thread" [stack: 0x0000004d16b00000,0x0000004d16c00000] [id=9492]
  0x000001dae453b000 WatcherThread [stack: 0x0000004d17500000,0x0000004d17600000] [id=10192]
  0x000001dac9691000 GCTaskThread "GC Thread#0" [stack: 0x0000004d16600000,0x0000004d16700000] [id=6120]
  0x000001dae4ce8000 GCTaskThread "GC Thread#1" [stack: 0x0000004d17600000,0x0000004d17700000] [id=6256]
  0x000001dae51a4000 GCTaskThread "GC Thread#2" [stack: 0x0000004d18100000,0x0000004d18200000] [id=8516]
  0x000001dae65e5800 GCTaskThread "GC Thread#3" [stack: 0x0000004d18200000,0x0000004d18300000] [id=3364]
  0x000001dae65f0800 GCTaskThread "GC Thread#4" [stack: 0x0000004d18300000,0x0000004d18400000] [id=11352]
  0x000001dae6421800 GCTaskThread "GC Thread#5" [stack: 0x0000004d18400000,0x0000004d18500000] [id=12412]
  0x000001dae6422000 GCTaskThread "GC Thread#6" [stack: 0x0000004d18500000,0x0000004d18600000] [id=7792]
  0x000001dae6480000 GCTaskThread "GC Thread#7" [stack: 0x0000004d18600000,0x0000004d18700000] [id=11596]
  0x000001dac96c4000 ConcurrentGCThread "G1 Main Marker" [stack: 0x0000004d16700000,0x0000004d16800000] [id=6828]
  0x000001dac96c6000 ConcurrentGCThread "G1 Conc#0" [stack: 0x0000004d16800000,0x0000004d16900000] [id=2752]
  0x000001dae659e800 ConcurrentGCThread "G1 Conc#1" [stack: 0x0000004d18a00000,0x0000004d18b00000] [id=13308]
  0x000001dae3952800 ConcurrentGCThread "G1 Refine#0" [stack: 0x0000004d16900000,0x0000004d16a00000] [id=7680]
  0x000001dac974e800 ConcurrentGCThread "G1 Young RemSet Sampling" [stack: 0x0000004d16a00000,0x0000004d16b00000] [id=12376]

Threads with active compile tasks:
C2 CompilerThread0  20864 7088 %     4       org.gradle.internal.instantiation.generator.AbstractClassGenerator::inspectType @ 107 (560 bytes)

VM state:not at safepoint (normal execution)

VM Mutex/Monitor currently owned by a thread: None

Heap address: 0x0000000080000000, size: 2048 MB, Compressed Oops mode: 32-bit
Narrow klass base: 0x0000000000000000, Narrow klass shift: 3
Compressed class space size: 1073741824 Address: 0x0000000100000000

Heap:
 garbage-first heap   total 143360K, used 105903K [0x0000000080000000, 0x0000000100000000)
  region size 1024K, 53 young (54272K), 8 survivors (8192K)
 Metaspace       used 78845K, capacity 80623K, committed 80796K, reserved 1120256K
  class space    used 10212K, capacity 10890K, committed 10956K, reserved 1048576K
Heap Regions: E=young(eden), S=young(survivor), O=old, HS=humongous(starts), HC=humongous(continues), CS=collection set, F=free, A=archive, TAMS=top-at-mark-start (previous, next)
|   0|0x0000000080000000, 0x0000000080100000, 0x0000000080100000|100%| O|  |TAMS 0x0000000080100000, 0x0000000080000000| Untracked 
|   1|0x0000000080100000, 0x0000000080200000, 0x0000000080200000|100%| O|  |TAMS 0x0000000080200000, 0x0000000080100000| Untracked 
|   2|0x0000000080200000, 0x0000000080300000, 0x0000000080300000|100%| O|  |TAMS 0x0000000080300000, 0x0000000080200000| Untracked 
|   3|0x0000000080300000, 0x0000000080400000, 0x0000000080400000|100%|HS|  |TAMS 0x0000000080400000, 0x0000000080300000| Complete 
|   4|0x0000000080400000, 0x0000000080500000, 0x0000000080500000|100%|HC|  |TAMS 0x0000000080500000, 0x0000000080400000| Complete 
|   5|0x0000000080500000, 0x0000000080600000, 0x0000000080600000|100%|HC|  |TAMS 0x0000000080600000, 0x0000000080500000| Complete 
|   6|0x0000000080600000, 0x0000000080700000, 0x0000000080700000|100%| O|  |TAMS 0x0000000080700000, 0x0000000080600000| Untracked 
|   7|0x0000000080700000, 0x0000000080800000, 0x0000000080800000|100%| O|  |TAMS 0x0000000080800000, 0x0000000080700000| Untracked 
|   8|0x0000000080800000, 0x0000000080900000, 0x0000000080900000|100%| O|  |TAMS 0x0000000080900000, 0x0000000080800000| Untracked 
|   9|0x0000000080900000, 0x0000000080a00000, 0x0000000080a00000|100%| O|  |TAMS 0x0000000080a00000, 0x0000000080900000| Untracked 
|  10|0x0000000080a00000, 0x0000000080b00000, 0x0000000080b00000|100%| O|  |TAMS 0x0000000080b00000, 0x0000000080a00000| Untracked 
|  11|0x0000000080b00000, 0x0000000080c00000, 0x0000000080c00000|100%| O|  |TAMS 0x0000000080c00000, 0x0000000080b00000| Untracked 
|  12|0x0000000080c00000, 0x0000000080d00000, 0x0000000080d00000|100%| O|  |TAMS 0x0000000080d00000, 0x0000000080c00000| Untracked 
|  13|0x0000000080d00000, 0x0000000080e00000, 0x0000000080e00000|100%| O|  |TAMS 0x0000000080e00000, 0x0000000080d00000| Untracked 
|  14|0x0000000080e00000, 0x0000000080f00000, 0x0000000080f00000|100%| O|  |TAMS 0x0000000080f00000, 0x0000000080e00000| Untracked 
|  15|0x0000000080f00000, 0x0000000081000000, 0x0000000081000000|100%| O|  |TAMS 0x0000000081000000, 0x0000000080f00000| Untracked 
|  16|0x0000000081000000, 0x0000000081100000, 0x0000000081100000|100%| O|  |TAMS 0x0000000081100000, 0x0000000081000000| Untracked 
|  17|0x0000000081100000, 0x0000000081200000, 0x0000000081200000|100%| O|  |TAMS 0x0000000081200000, 0x0000000081100000| Untracked 
|  18|0x0000000081200000, 0x0000000081300000, 0x0000000081300000|100%| O|  |TAMS 0x0000000081300000, 0x0000000081200000| Untracked 
|  19|0x0000000081300000, 0x0000000081400000, 0x0000000081400000|100%| O|  |TAMS 0x0000000081400000, 0x0000000081300000| Untracked 
|  20|0x0000000081400000, 0x0000000081500000, 0x0000000081500000|100%| O|  |TAMS 0x0000000081500000, 0x0000000081400000| Untracked 
|  21|0x0000000081500000, 0x0000000081600000, 0x0000000081600000|100%| O|  |TAMS 0x0000000081600000, 0x0000000081500000| Untracked 
|  22|0x0000000081600000, 0x0000000081700000, 0x0000000081700000|100%| O|  |TAMS 0x0000000081700000, 0x0000000081600000| Untracked 
|  23|0x0000000081700000, 0x0000000081800000, 0x0000000081800000|100%|HS|  |TAMS 0x0000000081800000, 0x0000000081700000| Complete 
|  24|0x0000000081800000, 0x0000000081900000, 0x0000000081900000|100%| O|  |TAMS 0x0000000081900000, 0x0000000081800000| Untracked 
|  25|0x0000000081900000, 0x0000000081a00000, 0x0000000081a00000|100%| O|  |TAMS 0x0000000081a00000, 0x0000000081900000| Untracked 
|  26|0x0000000081a00000, 0x0000000081b00000, 0x0000000081b00000|100%| O|  |TAMS 0x0000000081b00000, 0x0000000081a00000| Untracked 
|  27|0x0000000081b00000, 0x0000000081c00000, 0x0000000081c00000|100%|HS|  |TAMS 0x0000000081c00000, 0x0000000081b00000| Complete 
|  28|0x0000000081c00000, 0x0000000081d00000, 0x0000000081d00000|100%| O|  |TAMS 0x0000000081d00000, 0x0000000081c00000| Untracked 
|  29|0x0000000081d00000, 0x0000000081e00000, 0x0000000081e00000|100%| O|  |TAMS 0x0000000081e00000, 0x0000000081d00000| Untracked 
|  30|0x0000000081e00000, 0x0000000081f00000, 0x0000000081f00000|100%| O|  |TAMS 0x0000000081f00000, 0x0000000081e00000| Untracked 
|  31|0x0000000081f00000, 0x0000000082000000, 0x0000000082000000|100%| O|  |TAMS 0x0000000082000000, 0x0000000081f00000| Untracked 
|  32|0x0000000082000000, 0x0000000082100000, 0x0000000082100000|100%|HS|  |TAMS 0x0000000082100000, 0x0000000082000000| Complete 
|  33|0x0000000082100000, 0x0000000082200000, 0x0000000082200000|100%|HC|  |TAMS 0x0000000082200000, 0x0000000082100000| Complete 
|  34|0x0000000082200000, 0x0000000082300000, 0x0000000082300000|100%| O|  |TAMS 0x0000000082300000, 0x0000000082200000| Untracked 
|  35|0x0000000082300000, 0x0000000082400000, 0x0000000082400000|100%| O|  |TAMS 0x0000000082400000, 0x0000000082300000| Untracked 
|  36|0x0000000082400000, 0x0000000082500000, 0x0000000082500000|100%| O|  |TAMS 0x0000000082500000, 0x0000000082400000| Untracked 
|  37|0x0000000082500000, 0x0000000082600000, 0x0000000082600000|100%| O|  |TAMS 0x0000000082600000, 0x0000000082500000| Untracked 
|  38|0x0000000082600000, 0x0000000082700000, 0x0000000082700000|100%| O|  |TAMS 0x0000000082700000, 0x0000000082600000| Untracked 
|  39|0x0000000082700000, 0x0000000082800000, 0x0000000082800000|100%| O|  |TAMS 0x0000000082800000, 0x0000000082700000| Untracked 
|  40|0x0000000082800000, 0x0000000082900000, 0x0000000082900000|100%| O|  |TAMS 0x0000000082900000, 0x0000000082800000| Untracked 
|  41|0x0000000082900000, 0x0000000082a00000, 0x0000000082a00000|100%| O|  |TAMS 0x0000000082a00000, 0x0000000082900000| Untracked 
|  42|0x0000000082a00000, 0x0000000082b00000, 0x0000000082b00000|100%| O|  |TAMS 0x0000000082b00000, 0x0000000082a00000| Untracked 
|  43|0x0000000082b00000, 0x0000000082c00000, 0x0000000082c00000|100%| O|  |TAMS 0x0000000082b8cc00, 0x0000000082b00000| Untracked 
|  44|0x0000000082c00000, 0x0000000082d00000, 0x0000000082d00000|100%| O|  |TAMS 0x0000000082c00000, 0x0000000082c00000| Untracked 
|  45|0x0000000082d00000, 0x0000000082e00000, 0x0000000082e00000|100%| O|  |TAMS 0x0000000082d00000, 0x0000000082d00000| Untracked 
|  46|0x0000000082e00000, 0x0000000082f00000, 0x0000000082f00000|100%| O|  |TAMS 0x0000000082e00000, 0x0000000082e00000| Untracked 
|  47|0x0000000082f00000, 0x0000000083000000, 0x0000000083000000|100%| O|  |TAMS 0x0000000082f00000, 0x0000000082f00000| Untracked 
|  48|0x0000000083000000, 0x0000000083100000, 0x0000000083100000|100%| O|  |TAMS 0x0000000083000000, 0x0000000083000000| Untracked 
|  49|0x0000000083100000, 0x0000000083200000, 0x0000000083200000|100%| O|  |TAMS 0x0000000083100000, 0x0000000083100000| Untracked 
|  50|0x0000000083200000, 0x0000000083300000, 0x0000000083300000|100%| O|  |TAMS 0x0000000083200000, 0x0000000083200000| Untracked 
|  51|0x0000000083300000, 0x0000000083400000, 0x0000000083400000|100%| O|  |TAMS 0x0000000083300000, 0x0000000083300000| Untracked 
|  52|0x0000000083400000, 0x0000000083446000, 0x0000000083500000| 27%| O|  |TAMS 0x0000000083400000, 0x0000000083400000| Untracked 
|  53|0x0000000083500000, 0x0000000083500000, 0x0000000083600000|  0%| F|  |TAMS 0x0000000083500000, 0x0000000083500000| Untracked 
|  54|0x0000000083600000, 0x0000000083600000, 0x0000000083700000|  0%| F|  |TAMS 0x0000000083600000, 0x0000000083600000| Untracked 
|  55|0x0000000083700000, 0x0000000083700000, 0x0000000083800000|  0%| F|  |TAMS 0x0000000083700000, 0x0000000083700000| Untracked 
|  56|0x0000000083800000, 0x0000000083800000, 0x0000000083900000|  0%| F|  |TAMS 0x0000000083800000, 0x0000000083800000| Untracked 
|  57|0x0000000083900000, 0x0000000083900000, 0x0000000083a00000|  0%| F|  |TAMS 0x0000000083900000, 0x0000000083900000| Untracked 
|  58|0x0000000083a00000, 0x0000000083a00000, 0x0000000083b00000|  0%| F|  |TAMS 0x0000000083a00000, 0x0000000083a00000| Untracked 
|  59|0x0000000083b00000, 0x0000000083b00000, 0x0000000083c00000|  0%| F|  |TAMS 0x0000000083b00000, 0x0000000083b00000| Untracked 
|  60|0x0000000083c00000, 0x0000000083c00000, 0x0000000083d00000|  0%| F|  |TAMS 0x0000000083c00000, 0x0000000083c00000| Untracked 
|  61|0x0000000083d00000, 0x0000000083d00000, 0x0000000083e00000|  0%| F|  |TAMS 0x0000000083d00000, 0x0000000083d00000| Untracked 
|  62|0x0000000083e00000, 0x0000000083e00000, 0x0000000083f00000|  0%| F|  |TAMS 0x0000000083e00000, 0x0000000083e00000| Untracked 
|  63|0x0000000083f00000, 0x0000000083f00000, 0x0000000084000000|  0%| F|  |TAMS 0x0000000083f00000, 0x0000000083f00000| Untracked 
|  64|0x0000000084000000, 0x0000000084000000, 0x0000000084100000|  0%| F|  |TAMS 0x0000000084000000, 0x0000000084000000| Untracked 
|  65|0x0000000084100000, 0x0000000084100000, 0x0000000084200000|  0%| F|  |TAMS 0x0000000084100000, 0x0000000084100000| Untracked 
|  66|0x0000000084200000, 0x0000000084200000, 0x0000000084300000|  0%| F|  |TAMS 0x0000000084200000, 0x0000000084200000| Untracked 
|  67|0x0000000084300000, 0x0000000084300000, 0x0000000084400000|  0%| F|  |TAMS 0x0000000084300000, 0x0000000084300000| Untracked 
|  68|0x0000000084400000, 0x0000000084400000, 0x0000000084500000|  0%| F|  |TAMS 0x0000000084400000, 0x0000000084400000| Untracked 
|  69|0x0000000084500000, 0x0000000084500000, 0x0000000084600000|  0%| F|  |TAMS 0x0000000084500000, 0x0000000084500000| Untracked 
|  70|0x0000000084600000, 0x0000000084600000, 0x0000000084700000|  0%| F|  |TAMS 0x0000000084600000, 0x0000000084600000| Untracked 
|  71|0x0000000084700000, 0x0000000084700000, 0x0000000084800000|  0%| F|  |TAMS 0x0000000084700000, 0x0000000084700000| Untracked 
|  72|0x0000000084800000, 0x0000000084825ea8, 0x0000000084900000| 14%| S|CS|TAMS 0x0000000084800000, 0x0000000084800000| Complete 
|  73|0x0000000084900000, 0x0000000084a00000, 0x0000000084a00000|100%| S|CS|TAMS 0x0000000084900000, 0x0000000084900000| Complete 
|  74|0x0000000084a00000, 0x0000000084b00000, 0x0000000084b00000|100%| S|CS|TAMS 0x0000000084a00000, 0x0000000084a00000| Complete 
|  75|0x0000000084b00000, 0x0000000084b00000, 0x0000000084c00000|  0%| F|  |TAMS 0x0000000084b00000, 0x0000000084b00000| Untracked 
|  76|0x0000000084c00000, 0x0000000084c00000, 0x0000000084d00000|  0%| F|  |TAMS 0x0000000084c00000, 0x0000000084c00000| Untracked 
|  77|0x0000000084d00000, 0x0000000084d00000, 0x0000000084e00000|  0%| F|  |TAMS 0x0000000084d00000, 0x0000000084d00000| Untracked 
|  78|0x0000000084e00000, 0x0000000084e00000, 0x0000000084f00000|  0%| F|  |TAMS 0x0000000084e00000, 0x0000000084e00000| Untracked 
|  79|0x0000000084f00000, 0x0000000084f00000, 0x0000000085000000|  0%| F|  |TAMS 0x0000000084f00000, 0x0000000084f00000| Untracked 
|  80|0x0000000085000000, 0x0000000085000000, 0x0000000085100000|  0%| F|  |TAMS 0x0000000085000000, 0x0000000085000000| Untracked 
|  81|0x0000000085100000, 0x0000000085100000, 0x0000000085200000|  0%| F|  |TAMS 0x0000000085100000, 0x0000000085100000| Untracked 
|  82|0x0000000085200000, 0x0000000085200000, 0x0000000085300000|  0%| F|  |TAMS 0x0000000085200000, 0x0000000085200000| Untracked 
|  83|0x0000000085300000, 0x0000000085400000, 0x0000000085400000|100%| S|CS|TAMS 0x0000000085300000, 0x0000000085300000| Complete 
|  84|0x0000000085400000, 0x0000000085500000, 0x0000000085500000|100%| S|CS|TAMS 0x0000000085400000, 0x0000000085400000| Complete 
|  85|0x0000000085500000, 0x0000000085600000, 0x0000000085600000|100%| S|CS|TAMS 0x0000000085500000, 0x0000000085500000| Complete 
|  86|0x0000000085600000, 0x0000000085700000, 0x0000000085700000|100%| S|CS|TAMS 0x0000000085600000, 0x0000000085600000| Complete 
|  87|0x0000000085700000, 0x0000000085800000, 0x0000000085800000|100%| S|CS|TAMS 0x0000000085700000, 0x0000000085700000| Complete 
|  88|0x0000000085800000, 0x0000000085800000, 0x0000000085900000|  0%| F|  |TAMS 0x0000000085800000, 0x0000000085800000| Untracked 
|  89|0x0000000085900000, 0x0000000085900000, 0x0000000085a00000|  0%| F|  |TAMS 0x0000000085900000, 0x0000000085900000| Untracked 
|  90|0x0000000085a00000, 0x0000000085a00000, 0x0000000085b00000|  0%| F|  |TAMS 0x0000000085a00000, 0x0000000085a00000| Untracked 
|  91|0x0000000085b00000, 0x0000000085b00000, 0x0000000085c00000|  0%| F|  |TAMS 0x0000000085b00000, 0x0000000085b00000| Untracked 
|  92|0x0000000085c00000, 0x0000000085c00000, 0x0000000085d00000|  0%| F|  |TAMS 0x0000000085c00000, 0x0000000085c00000| Untracked 
|  93|0x0000000085d00000, 0x0000000085d00000, 0x0000000085e00000|  0%| F|  |TAMS 0x0000000085d00000, 0x0000000085d00000| Untracked 
|  94|0x0000000085e00000, 0x0000000085e00800, 0x0000000085f00000|  0%| E|  |TAMS 0x0000000085e00000, 0x0000000085e00000| Complete 
|  95|0x0000000085f00000, 0x0000000086000000, 0x0000000086000000|100%| E|CS|TAMS 0x0000000085f00000, 0x0000000085f00000| Complete 
|  96|0x0000000086000000, 0x0000000086100000, 0x0000000086100000|100%| E|CS|TAMS 0x0000000086000000, 0x0000000086000000| Complete 
|  97|0x0000000086100000, 0x0000000086200000, 0x0000000086200000|100%| E|CS|TAMS 0x0000000086100000, 0x0000000086100000| Complete 
|  98|0x0000000086200000, 0x0000000086300000, 0x0000000086300000|100%| E|CS|TAMS 0x0000000086200000, 0x0000000086200000| Complete 
|  99|0x0000000086300000, 0x0000000086400000, 0x0000000086400000|100%| E|CS|TAMS 0x0000000086300000, 0x0000000086300000| Complete 
| 100|0x0000000086400000, 0x0000000086500000, 0x0000000086500000|100%| E|CS|TAMS 0x0000000086400000, 0x0000000086400000| Complete 
| 101|0x0000000086500000, 0x0000000086600000, 0x0000000086600000|100%| E|CS|TAMS 0x0000000086500000, 0x0000000086500000| Complete 
| 102|0x0000000086600000, 0x0000000086700000, 0x0000000086700000|100%| E|CS|TAMS 0x0000000086600000, 0x0000000086600000| Complete 
| 103|0x0000000086700000, 0x0000000086800000, 0x0000000086800000|100%| E|CS|TAMS 0x0000000086700000, 0x0000000086700000| Complete 
| 104|0x0000000086800000, 0x0000000086900000, 0x0000000086900000|100%| E|CS|TAMS 0x0000000086800000, 0x0000000086800000| Complete 
| 105|0x0000000086900000, 0x0000000086a00000, 0x0000000086a00000|100%| E|CS|TAMS 0x0000000086900000, 0x0000000086900000| Complete 
| 106|0x0000000086a00000, 0x0000000086b00000, 0x0000000086b00000|100%| E|CS|TAMS 0x0000000086a00000, 0x0000000086a00000| Complete 
| 107|0x0000000086b00000, 0x0000000086c00000, 0x0000000086c00000|100%| E|CS|TAMS 0x0000000086b00000, 0x0000000086b00000| Complete 
| 108|0x0000000086c00000, 0x0000000086d00000, 0x0000000086d00000|100%| E|CS|TAMS 0x0000000086c00000, 0x0000000086c00000| Complete 
| 109|0x0000000086d00000, 0x0000000086e00000, 0x0000000086e00000|100%| E|CS|TAMS 0x0000000086d00000, 0x0000000086d00000| Complete 
| 110|0x0000000086e00000, 0x0000000086f00000, 0x0000000086f00000|100%| E|CS|TAMS 0x0000000086e00000, 0x0000000086e00000| Complete 
| 111|0x0000000086f00000, 0x0000000087000000, 0x0000000087000000|100%| E|CS|TAMS 0x0000000086f00000, 0x0000000086f00000| Complete 
| 112|0x0000000087000000, 0x0000000087100000, 0x0000000087100000|100%| E|CS|TAMS 0x0000000087000000, 0x0000000087000000| Complete 
| 113|0x0000000087100000, 0x0000000087200000, 0x0000000087200000|100%| E|CS|TAMS 0x0000000087100000, 0x0000000087100000| Complete 
| 114|0x0000000087200000, 0x0000000087300000, 0x0000000087300000|100%| E|CS|TAMS 0x0000000087200000, 0x0000000087200000| Complete 
| 115|0x0000000087300000, 0x0000000087400000, 0x0000000087400000|100%| E|CS|TAMS 0x0000000087300000, 0x0000000087300000| Complete 
| 116|0x0000000087400000, 0x0000000087500000, 0x0000000087500000|100%| E|CS|TAMS 0x0000000087400000, 0x0000000087400000| Complete 
| 117|0x0000000087500000, 0x0000000087600000, 0x0000000087600000|100%| E|CS|TAMS 0x0000000087500000, 0x0000000087500000| Complete 
| 118|0x0000000087600000, 0x0000000087700000, 0x0000000087700000|100%| E|CS|TAMS 0x0000000087600000, 0x0000000087600000| Complete 
| 119|0x0000000087700000, 0x0000000087800000, 0x0000000087800000|100%| E|CS|TAMS 0x0000000087700000, 0x0000000087700000| Complete 
| 120|0x0000000087800000, 0x0000000087900000, 0x0000000087900000|100%| E|CS|TAMS 0x0000000087800000, 0x0000000087800000| Complete 
| 121|0x0000000087900000, 0x0000000087a00000, 0x0000000087a00000|100%| E|CS|TAMS 0x0000000087900000, 0x0000000087900000| Complete 
| 122|0x0000000087a00000, 0x0000000087b00000, 0x0000000087b00000|100%| E|CS|TAMS 0x0000000087a00000, 0x0000000087a00000| Complete 
| 123|0x0000000087b00000, 0x0000000087c00000, 0x0000000087c00000|100%| E|CS|TAMS 0x0000000087b00000, 0x0000000087b00000| Complete 
| 124|0x0000000087c00000, 0x0000000087d00000, 0x0000000087d00000|100%| E|CS|TAMS 0x0000000087c00000, 0x0000000087c00000| Complete 
| 125|0x0000000087d00000, 0x0000000087e00000, 0x0000000087e00000|100%| E|CS|TAMS 0x0000000087d00000, 0x0000000087d00000| Complete 
| 126|0x0000000087e00000, 0x0000000087f00000, 0x0000000087f00000|100%| E|CS|TAMS 0x0000000087e00000, 0x0000000087e00000| Complete 
| 127|0x0000000087f00000, 0x0000000088000000, 0x0000000088000000|100%| E|CS|TAMS 0x0000000087f00000, 0x0000000087f00000| Complete 
| 128|0x0000000088000000, 0x0000000088100000, 0x0000000088100000|100%| E|CS|TAMS 0x0000000088000000, 0x0000000088000000| Complete 
| 129|0x0000000088100000, 0x0000000088200000, 0x0000000088200000|100%| E|CS|TAMS 0x0000000088100000, 0x0000000088100000| Complete 
| 130|0x0000000088200000, 0x0000000088300000, 0x0000000088300000|100%| E|CS|TAMS 0x0000000088200000, 0x0000000088200000| Complete 
| 131|0x0000000088300000, 0x0000000088400000, 0x0000000088400000|100%| E|CS|TAMS 0x0000000088300000, 0x0000000088300000| Complete 
| 132|0x0000000088400000, 0x0000000088500000, 0x0000000088500000|100%| E|CS|TAMS 0x0000000088400000, 0x0000000088400000| Complete 
| 133|0x0000000088500000, 0x0000000088600000, 0x0000000088600000|100%| E|CS|TAMS 0x0000000088500000, 0x0000000088500000| Complete 
| 134|0x0000000088600000, 0x0000000088700000, 0x0000000088700000|100%| E|CS|TAMS 0x0000000088600000, 0x0000000088600000| Complete 
| 135|0x0000000088700000, 0x0000000088800000, 0x0000000088800000|100%| E|CS|TAMS 0x0000000088700000, 0x0000000088700000| Complete 
| 136|0x0000000088800000, 0x0000000088900000, 0x0000000088900000|100%| E|CS|TAMS 0x0000000088800000, 0x0000000088800000| Complete 
| 137|0x0000000088900000, 0x0000000088a00000, 0x0000000088a00000|100%| E|CS|TAMS 0x0000000088900000, 0x0000000088900000| Complete 
| 138|0x0000000088a00000, 0x0000000088b00000, 0x0000000088b00000|100%| E|CS|TAMS 0x0000000088a00000, 0x0000000088a00000| Complete 
| 139|0x0000000088b00000, 0x0000000088c00000, 0x0000000088c00000|100%| E|CS|TAMS 0x0000000088b00000, 0x0000000088b00000| Complete 

Card table byte_map: [0x000001dadc8c0000,0x000001dadccc0000] _byte_map_base: 0x000001dadc4c0000

Marking Bits (Prev, Next): (CMBitMap*) 0x000001dac96bb520, (CMBitMap*) 0x000001dac96bb4e8
 Prev Bits: [0x000001dadf0c0000, 0x000001dae10c0000)
 Next Bits: [0x000001dadd0c0000, 0x000001dadf0c0000)

Polling page: 0x000001dac7670000

Metaspace:

Usage:
  Non-class:     68.10 MB capacity,    67.03 MB ( 98%) used,   901.66 KB (  1%) free+waste,   191.50 KB ( <1%) overhead. 
      Class:     10.63 MB capacity,     9.97 MB ( 94%) used,   589.44 KB (  5%) free+waste,    88.00 KB ( <1%) overhead. 
       Both:     78.73 MB capacity,    77.00 MB ( 98%) used,     1.46 MB (  2%) free+waste,   279.50 KB ( <1%) overhead. 

Virtual space:
  Non-class space:       70.00 MB reserved,      68.20 MB ( 97%) committed 
      Class space:        1.00 GB reserved,      10.70 MB (  1%) committed 
             Both:        1.07 GB reserved,      78.90 MB (  7%) committed 

Chunk freelists:
   Non-Class:  43.00 KB
       Class:  22.00 KB
        Both:  65.00 KB

MaxMetaspaceSize: 17179869184.00 GB
CompressedClassSpaceSize: 1.00 GB
Initial GC threshold: 20.80 MB
Current GC threshold: 99.00 MB
CDS: off

CodeHeap 'non-profiled nmethods': size=120000Kb used=3161Kb max_used=3161Kb free=116839Kb
 bounds [0x000001dad4c60000, 0x000001dad4f80000, 0x000001dadc190000]
CodeHeap 'profiled nmethods': size=120000Kb used=14683Kb max_used=14683Kb free=105316Kb
 bounds [0x000001dacd730000, 0x000001dace590000, 0x000001dad4c60000]
CodeHeap 'non-nmethods': size=5760Kb used=2355Kb max_used=2393Kb free=3404Kb
 bounds [0x000001dacd190000, 0x000001dacd400000, 0x000001dacd730000]
 total_blobs=8259 nmethods=7386 adapters=785
 compilation: enabled
              stopped_count=0, restarted_count=0
 full_count=0

Compilation events (20 events):
Event: 20.788 Thread 0x000001dae4367800 nmethod 7541 0x000001dace566b90 code [0x000001dace566d60, 0x000001dace567098]
Event: 20.789 Thread 0x000001dae4367800 7543       2       org.gradle.internal.graph.CachingDirectedGraphWalker::doSearch (659 bytes)
Event: 20.795 Thread 0x000001dae4367800 nmethod 7543 0x000001dace567190 code [0x000001dace5676c0, 0x000001dace569078]
Event: 20.795 Thread 0x000001dae4367800 7547       2       java.util.ArrayDeque$$Lambda$517/0x000000010062d040::get$Lambda (9 bytes)
Event: 20.796 Thread 0x000001dae4367800 nmethod 7547 0x000001dace56a190 code [0x000001dace56a340, 0x000001dace56a4b8]
Event: 20.796 Thread 0x000001dae4367800 7548       2       java.util.ArrayDeque$$Lambda$517/0x000000010062d040::<init> (10 bytes)
Event: 20.796 Thread 0x000001dae4367800 nmethod 7548 0x000001dace56a590 code [0x000001dace56a740, 0x000001dace56a878]
Event: 20.796 Thread 0x000001dae4367800 7544       2       org.gradle.api.internal.tasks.properties.AbstractPropertyNode::getQualifiedPropertyName (38 bytes)
Event: 20.797 Thread 0x000001dae4367800 nmethod 7544 0x000001dace56a910 code [0x000001dace56ab20, 0x000001dace56aeb8]
Event: 20.797 Thread 0x000001dae4367800 7545       2       com.google.common.base.Suppliers::memoize (43 bytes)
Event: 20.798 Thread 0x000001dae4367800 nmethod 7545 0x000001dace56b090 code [0x000001dace56b280, 0x000001dace56b6b8]
Event: 20.798 Thread 0x000001dae4367800 7546       2       com.google.common.base.Suppliers$NonSerializableMemoizingSupplier::<init> (16 bytes)
Event: 20.798 Thread 0x000001dae4367800 nmethod 7546 0x000001dace56b890 code [0x000001dace56ba60, 0x000001dace56bcc8]
Event: 20.798 Thread 0x000001dae4367800 7550       1       org.gradle.execution.plan.LocalTaskNode::getTask (5 bytes)
Event: 20.798 Thread 0x000001dae4367800 nmethod 7550 0x000001dad4f75210 code [0x000001dad4f753c0, 0x000001dad4f75478]
Event: 20.798 Thread 0x000001dae4367800 7549       1       org.gradle.api.internal.project.DefaultProject::getTasks (5 bytes)
Event: 20.798 Thread 0x000001dae4367800 nmethod 7549 0x000001dad4f75510 code [0x000001dad4f756c0, 0x000001dad4f75778]
Event: 20.798 Thread 0x000001dae4367800 7551       2       org.gradle.api.internal.tasks.properties.annotations.PropertyAnnotationHandler::validatePropertyMetadata (1 bytes)
Event: 20.799 Thread 0x000001dae4367800 nmethod 7551 0x000001dace56be10 code [0x000001dace56bfc0, 0x000001dace56c0b8]
Event: 20.804 Thread 0x000001dae4367800 7552       2       org.gradle.internal.instantiation.generator.AbstractClassGenerator$InjectionAnnotationValidator::validateMethod (502 bytes)

GC Heap History (20 events):
Event: 9.212 GC heap before
{Heap before GC invocations=9 (full 0):
 garbage-first heap   total 98304K, used 67760K [0x0000000080000000, 0x0000000100000000)
  region size 1024K, 48 young (49152K), 6 survivors (6144K)
 Metaspace       used 39126K, capacity 40058K, committed 40348K, reserved 1085440K
  class space    used 4931K, capacity 5258K, committed 5324K, reserved 1048576K
}
Event: 9.225 GC heap after
{Heap after GC invocations=10 (full 0):
 garbage-first heap   total 98304K, used 26265K [0x0000000080000000, 0x0000000100000000)
  region size 1024K, 6 young (6144K), 6 survivors (6144K)
 Metaspace       used 39126K, capacity 40058K, committed 40348K, reserved 1085440K
  class space    used 4931K, capacity 5258K, committed 5324K, reserved 1048576K
}
Event: 10.101 GC heap before
{Heap before GC invocations=10 (full 0):
 garbage-first heap   total 98304K, used 69273K [0x0000000080000000, 0x0000000100000000)
  region size 1024K, 48 young (49152K), 6 survivors (6144K)
 Metaspace       used 42062K, capacity 43036K, committed 43164K, reserved 1087488K
  class space    used 5352K, capacity 5729K, committed 5836K, reserved 1048576K
}
Event: 10.114 GC heap after
{Heap after GC invocations=11 (full 0):
 garbage-first heap   total 118784K, used 28880K [0x0000000080000000, 0x0000000100000000)
  region size 1024K, 6 young (6144K), 6 survivors (6144K)
 Metaspace       used 42062K, capacity 43036K, committed 43164K, reserved 1087488K
  class space    used 5352K, capacity 5729K, committed 5836K, reserved 1048576K
}
Event: 11.182 GC heap before
{Heap before GC invocations=11 (full 0):
 garbage-first heap   total 118784K, used 81104K [0x0000000080000000, 0x0000000100000000)
  region size 1024K, 56 young (57344K), 6 survivors (6144K)
 Metaspace       used 46598K, capacity 47707K, committed 47900K, reserved 1091584K
  class space    used 5916K, capacity 6348K, committed 6476K, reserved 1048576K
}
Event: 11.194 GC heap after
{Heap after GC invocations=12 (full 0):
 garbage-first heap   total 118784K, used 30721K [0x0000000080000000, 0x0000000100000000)
  region size 1024K, 5 young (5120K), 5 survivors (5120K)
 Metaspace       used 46598K, capacity 47707K, committed 47900K, reserved 1091584K
  class space    used 5916K, capacity 6348K, committed 6476K, reserved 1048576K
}
Event: 12.591 GC heap before
{Heap before GC invocations=12 (full 0):
 garbage-first heap   total 118784K, used 84993K [0x0000000080000000, 0x0000000100000000)
  region size 1024K, 56 young (57344K), 5 survivors (5120K)
 Metaspace       used 48738K, capacity 49961K, committed 50204K, reserved 1093632K
  class space    used 6160K, capacity 6618K, committed 6732K, reserved 1048576K
}
Event: 12.604 GC heap after
{Heap after GC invocations=13 (full 0):
 garbage-first heap   total 118784K, used 39859K [0x0000000080000000, 0x0000000100000000)
  region size 1024K, 7 young (7168K), 7 survivors (7168K)
 Metaspace       used 48738K, capacity 49961K, committed 50204K, reserved 1093632K
  class space    used 6160K, capacity 6618K, committed 6732K, reserved 1048576K
}
Event: 14.018 GC heap before
{Heap before GC invocations=13 (full 0):
 garbage-first heap   total 118784K, used 89011K [0x0000000080000000, 0x0000000100000000)
  region size 1024K, 54 young (55296K), 7 survivors (7168K)
 Metaspace       used 54371K, capacity 55799K, committed 56092K, reserved 1097728K
  class space    used 6890K, capacity 7455K, committed 7500K, reserved 1048576K
}
Event: 14.028 GC heap after
{Heap after GC invocations=14 (full 0):
 garbage-first heap   total 118784K, used 44838K [0x0000000080000000, 0x0000000100000000)
  region size 1024K, 4 young (4096K), 4 survivors (4096K)
 Metaspace       used 54371K, capacity 55799K, committed 56092K, reserved 1097728K
  class space    used 6890K, capacity 7455K, committed 7500K, reserved 1048576K
}
Event: 14.939 GC heap before
{Heap before GC invocations=14 (full 0):
 garbage-first heap   total 118784K, used 74534K [0x0000000080000000, 0x0000000100000000)
  region size 1024K, 34 young (34816K), 4 survivors (4096K)
 Metaspace       used 59026K, capacity 60437K, committed 60572K, reserved 1101824K
  class space    used 7458K, capacity 8017K, committed 8140K, reserved 1048576K
}
Event: 14.951 GC heap after
{Heap after GC invocations=15 (full 0):
 garbage-first heap   total 118784K, used 45944K [0x0000000080000000, 0x0000000100000000)
  region size 1024K, 2 young (2048K), 2 survivors (2048K)
 Metaspace       used 59026K, capacity 60437K, committed 60572K, reserved 1101824K
  class space    used 7458K, capacity 8017K, committed 8140K, reserved 1048576K
}
Event: 15.963 GC heap before
{Heap before GC invocations=16 (full 0):
 garbage-first heap   total 118784K, used 97144K [0x0000000080000000, 0x0000000100000000)
  region size 1024K, 45 young (46080K), 2 survivors (2048K)
 Metaspace       used 62567K, capacity 64014K, committed 64284K, reserved 1105920K
  class space    used 7869K, capacity 8369K, committed 8524K, reserved 1048576K
}
Event: 15.975 GC heap after
{Heap after GC invocations=17 (full 0):
 garbage-first heap   total 143360K, used 50251K [0x0000000080000000, 0x0000000100000000)
  region size 1024K, 6 young (6144K), 6 survivors (6144K)
 Metaspace       used 62567K, capacity 64014K, committed 64284K, reserved 1105920K
  class space    used 7869K, capacity 8369K, committed 8524K, reserved 1048576K
}
Event: 16.936 GC heap before
{Heap before GC invocations=17 (full 0):
 garbage-first heap   total 143360K, used 105547K [0x0000000080000000, 0x0000000100000000)
  region size 1024K, 59 young (60416K), 6 survivors (6144K)
 Metaspace       used 65121K, capacity 66601K, committed 66972K, reserved 1107968K
  class space    used 8216K, capacity 8773K, committed 8908K, reserved 1048576K
}
Event: 16.950 GC heap after
{Heap after GC invocations=18 (full 0):
 garbage-first heap   total 143360K, used 53962K [0x0000000080000000, 0x0000000100000000)
  region size 1024K, 4 young (4096K), 4 survivors (4096K)
 Metaspace       used 65121K, capacity 66601K, committed 66972K, reserved 1107968K
  class space    used 8216K, capacity 8773K, committed 8908K, reserved 1048576K
}
Event: 18.210 GC heap before
{Heap before GC invocations=18 (full 0):
 garbage-first heap   total 143360K, used 108234K [0x0000000080000000, 0x0000000100000000)
  region size 1024K, 57 young (58368K), 4 survivors (4096K)
 Metaspace       used 69433K, capacity 71048K, committed 71324K, reserved 1112064K
  class space    used 8930K, capacity 9550K, committed 9676K, reserved 1048576K
}
Event: 18.222 GC heap after
{Heap after GC invocations=19 (full 0):
 garbage-first heap   total 143360K, used 57386K [0x0000000080000000, 0x0000000100000000)
  region size 1024K, 8 young (8192K), 8 survivors (8192K)
 Metaspace       used 69433K, capacity 71048K, committed 71324K, reserved 1112064K
  class space    used 8930K, capacity 9550K, committed 9676K, reserved 1048576K
}
Event: 19.610 GC heap before
{Heap before GC invocations=19 (full 0):
 garbage-first heap   total 143360K, used 110634K [0x0000000080000000, 0x0000000100000000)
  region size 1024K, 60 young (61440K), 8 survivors (8192K)
 Metaspace       used 73926K, capacity 75669K, committed 75804K, reserved 1114112K
  class space    used 9559K, capacity 10191K, committed 10316K, reserved 1048576K
}
Event: 19.626 GC heap after
{Heap after GC invocations=20 (full 0):
 garbage-first heap   total 143360K, used 60847K [0x0000000080000000, 0x0000000100000000)
  region size 1024K, 8 young (8192K), 8 survivors (8192K)
 Metaspace       used 73926K, capacity 75669K, committed 75804K, reserved 1114112K
  class space    used 9559K, capacity 10191K, committed 10316K, reserved 1048576K
}

Deoptimization events (20 events):
Event: 19.463 Thread 0x000001dae6468800 Uncommon trap: trap_request=0xffffffde fr.pc=0x000001dad4f3f460 relative=0x00000000000019a0
Event: 19.463 Thread 0x000001dae6468800 Uncommon trap: reason=class_check action=maybe_recompile pc=0x000001dad4f3f460 method=java.util.concurrent.ConcurrentHashMap.computeIfAbsent(Ljava/lang/Object;Ljava/util/function/Function;)Ljava/lang/Object; @ 241 c2
Event: 19.463 Thread 0x000001dae6468800 DEOPT PACKING pc=0x000001dad4f3f460 sp=0x0000004d17df8330
Event: 19.463 Thread 0x000001dae6468800 DEOPT UNPACKING pc=0x000001dacd1da1af sp=0x0000004d17df82e0 mode 2
Event: 19.545 Thread 0x000001dae6468800 Uncommon trap: trap_request=0xffffffde fr.pc=0x000001dad4f3f460 relative=0x00000000000019a0
Event: 19.545 Thread 0x000001dae6468800 Uncommon trap: reason=class_check action=maybe_recompile pc=0x000001dad4f3f460 method=java.util.concurrent.ConcurrentHashMap.computeIfAbsent(Ljava/lang/Object;Ljava/util/function/Function;)Ljava/lang/Object; @ 241 c2
Event: 19.545 Thread 0x000001dae6468800 DEOPT PACKING pc=0x000001dad4f3f460 sp=0x0000004d17df6f50
Event: 19.545 Thread 0x000001dae6468800 DEOPT UNPACKING pc=0x000001dacd1da1af sp=0x0000004d17df6f00 mode 2
Event: 19.606 Thread 0x000001dae6468800 Uncommon trap: trap_request=0xffffffde fr.pc=0x000001dad4f3f460 relative=0x00000000000019a0
Event: 19.606 Thread 0x000001dae6468800 Uncommon trap: reason=class_check action=maybe_recompile pc=0x000001dad4f3f460 method=java.util.concurrent.ConcurrentHashMap.computeIfAbsent(Ljava/lang/Object;Ljava/util/function/Function;)Ljava/lang/Object; @ 241 c2
Event: 19.606 Thread 0x000001dae6468800 DEOPT PACKING pc=0x000001dad4f3f460 sp=0x0000004d17df83f0
Event: 19.606 Thread 0x000001dae6468800 DEOPT UNPACKING pc=0x000001dacd1da1af sp=0x0000004d17df83a0 mode 2
Event: 20.504 Thread 0x000001dae6468800 Uncommon trap: trap_request=0xffffff4d fr.pc=0x000001dad4ee9d98 relative=0x00000000000005f8
Event: 20.504 Thread 0x000001dae6468800 Uncommon trap: reason=unstable_if action=reinterpret pc=0x000001dad4ee9d98 method=java.util.regex.Matcher.find()Z @ 10 c2
Event: 20.504 Thread 0x000001dae6468800 DEOPT PACKING pc=0x000001dad4ee9d98 sp=0x0000004d17df8b80
Event: 20.504 Thread 0x000001dae6468800 DEOPT UNPACKING pc=0x000001dacd1da1af sp=0x0000004d17df8b40 mode 2
Event: 20.516 Thread 0x000001dae6468800 Uncommon trap: trap_request=0xffffff4d fr.pc=0x000001dad4f5d6d4 relative=0x0000000000000274
Event: 20.516 Thread 0x000001dae6468800 Uncommon trap: reason=unstable_if action=reinterpret pc=0x000001dad4f5d6d4 method=java.lang.CharacterDataLatin1.digit(II)I @ 12 c2
Event: 20.516 Thread 0x000001dae6468800 DEOPT PACKING pc=0x000001dad4f5d6d4 sp=0x0000004d17df8f90
Event: 20.516 Thread 0x000001dae6468800 DEOPT UNPACKING pc=0x000001dacd1da1af sp=0x0000004d17df8db0 mode 2

Classes redefined (0 events):
No events

Internal exceptions (20 events):
Event: 17.143 Thread 0x000001dae6468800 Exception <a 'java/lang/ClassNotFoundException'{0x00000000878d0e70}: org/gradle/api/internal/artifacts/dsl/dependencies/DefaultDependencyHandler_DecoratedBeanInfo> (0x00000000878d0e70) thrown at [./src/hotspot/share/classfile/systemDictionary.cpp, line 231]
Event: 17.145 Thread 0x000001dae6468800 Exception <a 'java/lang/ClassNotFoundException'{0x00000000877218e8}: org/gradle/api/internal/artifacts/dsl/dependencies/DefaultDependencyHandlerBeanInfo> (0x00000000877218e8) thrown at [./src/hotspot/share/classfile/systemDictionary.cpp, line 231]
Event: 17.147 Thread 0x000001dae6468800 Exception <a 'java/lang/ClassNotFoundException'{0x00000000877720b8}: org/gradle/api/internal/artifacts/dsl/dependencies/DefaultDependencyHandlerCustomizer> (0x00000000877720b8) thrown at [./src/hotspot/share/classfile/systemDictionary.cpp, line 231]
Event: 17.150 Thread 0x000001dae6468800 Exception <a 'java/lang/ClassNotFoundException'{0x00000000877ecd48}: org/gradle/api/internal/artifacts/dsl/dependencies/DefaultDependencyHandler_DecoratedCustomizer> (0x00000000877ecd48) thrown at [./src/hotspot/share/classfile/systemDictionary.cpp, line 231]
Event: 17.538 Thread 0x000001dae6468800 Implicit null exception at 0x000001dad4e62b6b to 0x000001dad4e62ce0
Event: 18.637 Thread 0x000001dae6468800 Exception <a 'java/lang/ClassNotFoundException'{0x0000000087d01840}: com/android/build/gradle/internal/api/ApkVariantOutputImpl_DecoratedBeanInfo> (0x0000000087d01840) thrown at [./src/hotspot/share/classfile/systemDictionary.cpp, line 231]
Event: 18.638 Thread 0x000001dae6468800 Exception <a 'java/lang/ClassNotFoundException'{0x0000000087d1dfa8}: com/android/build/gradle/internal/api/ApkVariantOutputImplBeanInfo> (0x0000000087d1dfa8) thrown at [./src/hotspot/share/classfile/systemDictionary.cpp, line 231]
Event: 18.639 Thread 0x000001dae6468800 Exception <a 'java/lang/ClassNotFoundException'{0x0000000087d3af08}: com/android/build/gradle/internal/api/BaseVariantOutputImplBeanInfo> (0x0000000087d3af08) thrown at [./src/hotspot/share/classfile/systemDictionary.cpp, line 231]
Event: 18.639 Thread 0x000001dae6468800 Exception <a 'java/lang/ClassNotFoundException'{0x0000000087d57ef0}: com/android/build/gradle/internal/api/BaseVariantOutputImplCustomizer> (0x0000000087d57ef0) thrown at [./src/hotspot/share/classfile/systemDictionary.cpp, line 231]
Event: 18.641 Thread 0x000001dae6468800 Exception <a 'java/lang/ClassNotFoundException'{0x0000000087d877b0}: com/android/build/gradle/internal/api/ApkVariantOutputImplCustomizer> (0x0000000087d877b0) thrown at [./src/hotspot/share/classfile/systemDictionary.cpp, line 231]
Event: 18.643 Thread 0x000001dae6468800 Exception <a 'java/lang/ClassNotFoundException'{0x0000000087db3560}: com/android/build/gradle/internal/api/ApkVariantOutputImpl_DecoratedCustomizer> (0x0000000087db3560) thrown at [./src/hotspot/share/classfile/systemDictionary.cpp, line 231]
Event: 18.662 Thread 0x000001dae6468800 Exception <a 'java/lang/NoClassDefFoundError'{0x0000000087b21fc0}: org/jetbrains/kotlin/gradle/plugin/KotlinBasePluginWrapper> (0x0000000087b21fc0) thrown at [./src/hotspot/share/classfile/systemDictionary.cpp, line 220]
Event: 19.441 Thread 0x000001dae6468800 Exception <a 'java/lang/NoSuchMethodError'{0x0000000085fad5d0}: 'java.lang.Object java.lang.invoke.Invokers$Holder.linkToTargetMethod(java.lang.Object, int, java.lang.Object)'> (0x0000000085fad5d0) thrown at [./src/hotspot/share/interpreter/linkResolver.cpp, line 773]
Event: 19.729 Thread 0x000001dae6468800 Exception <a 'sun/nio/fs/WindowsException'{0x0000000088963258}> (0x0000000088963258) thrown at [./src/hotspot/share/prims/jni.cpp, line 616]
Event: 19.990 Thread 0x000001dae6468800 Exception <a 'java/lang/NullPointerException'{0x0000000087fc0788}> (0x0000000087fc0788) thrown at [./src/hotspot/share/interpreter/linkResolver.cpp, line 1440]
Event: 20.427 Thread 0x000001dae6468800 Exception <a 'java/lang/NoSuchMethodError'{0x0000000086e75790}: 'int java.lang.invoke.DirectMethodHandle$Holder.invokeStatic(java.lang.Object, java.lang.Object, int, java.lang.Object)'> (0x0000000086e75790) thrown at [./src/hotspot/share/interpreter/linkResolver.cpp, line 773]
Event: 20.526 Thread 0x000001dae6468800 Exception <a 'sun/nio/fs/WindowsException'{0x0000000086da7198}> (0x0000000086da7198) thrown at [./src/hotspot/share/prims/jni.cpp, line 616]
Event: 20.526 Thread 0x000001dae6468800 Exception <a 'sun/nio/fs/WindowsException'{0x0000000086da8528}> (0x0000000086da8528) thrown at [./src/hotspot/share/prims/jni.cpp, line 616]
Event: 20.526 Thread 0x000001dae6468800 Exception <a 'sun/nio/fs/WindowsException'{0x0000000086da98f0}> (0x0000000086da98f0) thrown at [./src/hotspot/share/prims/jni.cpp, line 616]
Event: 20.526 Thread 0x000001dae6468800 Exception <a 'sun/nio/fs/WindowsException'{0x0000000086daacb8}> (0x0000000086daacb8) thrown at [./src/hotspot/share/prims/jni.cpp, line 616]

Events (20 events):
Event: 20.768 loading class org/gradle/api/internal/artifacts/ivyservice/resolveengine/artifact/LocalDependencyFiles
Event: 20.768 loading class org/gradle/api/internal/artifacts/ivyservice/resolveengine/artifact/LocalDependencyFiles done
Event: 20.769 loading class com/android/build/gradle/internal/TaskManager$createMockableJarTask$1$1
Event: 20.769 loading class com/android/build/gradle/internal/TaskManager$createMockableJarTask$1$1 done
Event: 20.777 loading class com/google/errorprone/annotations/DoNotMock
Event: 20.777 loading class com/google/errorprone/annotations/DoNotMock done
Event: 20.778 loading class com/google/common/collect/ImmutableSetMultimap
Event: 20.778 loading class com/google/common/collect/ImmutableSetMultimap done
Event: 20.780 Executing VM operation: Deoptimize
Event: 20.782 Executing VM operation: Deoptimize done
Event: 20.783 loading class com/google/errorprone/annotations/concurrent/LazyInit
Event: 20.783 loading class com/google/errorprone/annotations/concurrent/LazyInit done
Event: 20.784 loading class com/google/errorprone/annotations/concurrent/LazyInit
Event: 20.784 loading class com/google/errorprone/annotations/concurrent/LazyInit done
Event: 20.784 loading class com/google/errorprone/annotations/concurrent/LazyInit
Event: 20.784 loading class com/google/errorprone/annotations/concurrent/LazyInit done
Event: 20.784 loading class com/google/errorprone/annotations/concurrent/LazyInit
Event: 20.784 loading class com/google/errorprone/annotations/concurrent/LazyInit done
Event: 20.800 loading class com/android/build/gradle/internal/tasks/MergeNativeLibsTask$Companion
Event: 20.800 loading class com/android/build/gradle/internal/tasks/MergeNativeLibsTask$Companion done


Dynamic libraries:
0x00007ff65f8e0000 - 0x00007ff65f8ea000 	C:\Program Files\Android\Android Studio\jre\bin\java.exe
0x00007ffb3eb50000 - 0x00007ffb3ed64000 	C:\WINDOWS\SYSTEM32\ntdll.dll
0x00007ffb3c960000 - 0x00007ffb3ca22000 	C:\WINDOWS\System32\KERNEL32.DLL
0x00007ffb3c280000 - 0x00007ffb3c61c000 	C:\WINDOWS\System32\KERNELBASE.dll
0x00007ffb3c160000 - 0x00007ffb3c271000 	C:\WINDOWS\System32\ucrtbase.dll
0x00007ffb36de0000 - 0x00007ffb36df7000 	C:\Program Files\Android\Android Studio\jre\bin\VCRUNTIME140.dll
0x00007ffb36e00000 - 0x00007ffb36e19000 	C:\Program Files\Android\Android Studio\jre\bin\jli.dll
0x00007ffb3ca30000 - 0x00007ffb3cbda000 	C:\WINDOWS\System32\USER32.dll
0x00007ffb27170000 - 0x00007ffb273fe000 	C:\WINDOWS\WinSxS\amd64_microsoft.windows.common-controls_6595b64144ccf1df_6.0.22621.608_none_a9444ca7c10bb01d\COMCTL32.dll
0x00007ffb3c620000 - 0x00007ffb3c646000 	C:\WINDOWS\System32\win32u.dll
0x00007ffb3e060000 - 0x00007ffb3e107000 	C:\WINDOWS\System32\msvcrt.dll
0x00007ffb3cda0000 - 0x00007ffb3cdc9000 	C:\WINDOWS\System32\GDI32.dll
0x00007ffb3c650000 - 0x00007ffb3c762000 	C:\WINDOWS\System32\gdi32full.dll
0x00007ffb3c8b0000 - 0x00007ffb3c94a000 	C:\WINDOWS\System32\msvcp_win.dll
0x00007ffb3dd00000 - 0x00007ffb3dd31000 	C:\WINDOWS\System32\IMM32.DLL
0x00007ffb22c10000 - 0x00007ffb22cad000 	C:\Program Files\Android\Android Studio\jre\bin\msvcp140.dll
0x00007ffb0fc10000 - 0x00007ffb10712000 	C:\Program Files\Android\Android Studio\jre\bin\server\jvm.dll
0x00007ffb3ea60000 - 0x00007ffb3eb0e000 	C:\WINDOWS\System32\ADVAPI32.dll
0x00007ffb3ddd0000 - 0x00007ffb3de74000 	C:\WINDOWS\System32\sechost.dll
0x00007ffb3d920000 - 0x00007ffb3da35000 	C:\WINDOWS\System32\RPCRT4.dll
0x00007ffb3c950000 - 0x00007ffb3c958000 	C:\WINDOWS\System32\PSAPI.DLL
0x00007ffb2a380000 - 0x00007ffb2a389000 	C:\WINDOWS\SYSTEM32\WSOCK32.dll
0x00007ffb34330000 - 0x00007ffb34364000 	C:\WINDOWS\SYSTEM32\WINMM.dll
0x00007ffb37990000 - 0x00007ffb3799a000 	C:\WINDOWS\SYSTEM32\VERSION.dll
0x00007ffb3d830000 - 0x00007ffb3d8a1000 	C:\WINDOWS\System32\WS2_32.dll
0x00007ffb3b000000 - 0x00007ffb3b018000 	C:\WINDOWS\SYSTEM32\kernel.appcore.dll
0x00007ffb26920000 - 0x00007ffb26931000 	C:\Program Files\Android\Android Studio\jre\bin\verify.dll
0x00007ffb31490000 - 0x00007ffb316be000 	C:\WINDOWS\SYSTEM32\DBGHELP.DLL
0x00007ffb3cea0000 - 0x00007ffb3d229000 	C:\WINDOWS\System32\combase.dll
0x00007ffb3cbe0000 - 0x00007ffb3ccb7000 	C:\WINDOWS\System32\OLEAUT32.dll
0x00007ffb26d90000 - 0x00007ffb26dc2000 	C:\WINDOWS\SYSTEM32\dbgcore.DLL
0x00007ffb3c770000 - 0x00007ffb3c7eb000 	C:\WINDOWS\System32\bcryptPrimitives.dll
0x00007ffb265f0000 - 0x00007ffb26619000 	C:\Program Files\Android\Android Studio\jre\bin\java.dll
0x00007ffb27b10000 - 0x00007ffb27b1b000 	C:\Program Files\Android\Android Studio\jre\bin\jimage.dll
0x00007ffb265d0000 - 0x00007ffb265e8000 	C:\Program Files\Android\Android Studio\jre\bin\zip.dll
0x00007ffb3e280000 - 0x00007ffb3ea5d000 	C:\WINDOWS\System32\SHELL32.dll
0x00007ffb39fe0000 - 0x00007ffb3a897000 	C:\WINDOWS\SYSTEM32\windows.storage.dll
0x00007ffb39ea0000 - 0x00007ffb39fdd000 	C:\WINDOWS\SYSTEM32\wintypes.dll
0x00007ffb3dbf0000 - 0x00007ffb3dce1000 	C:\WINDOWS\System32\SHCORE.dll
0x00007ffb3ccc0000 - 0x00007ffb3cd1e000 	C:\WINDOWS\System32\shlwapi.dll
0x00007ffb3beb0000 - 0x00007ffb3bed1000 	C:\WINDOWS\SYSTEM32\profapi.dll
0x00007ffb265b0000 - 0x00007ffb265ca000 	C:\Program Files\Android\Android Studio\jre\bin\net.dll
0x00007ffb32e30000 - 0x00007ffb32f5f000 	C:\WINDOWS\SYSTEM32\WINHTTP.dll
0x00007ffb3b460000 - 0x00007ffb3b4c9000 	C:\WINDOWS\system32\mswsock.dll
0x00007ffb25ef0000 - 0x00007ffb25f04000 	C:\Program Files\Android\Android Studio\jre\bin\nio.dll
0x00007ffb278d0000 - 0x00007ffb278f7000 	C:\Users\DELL\.gradle\native\e1d6ef7f7dcc3fd88c89a11ec53ec762bb8ba0a96d01ffa2cd45eb1d1d8dd5c5\windows-amd64\native-platform.dll
0x00007ffb10a00000 - 0x00007ffb10b44000 	C:\Users\DELL\.gradle\native\0d407fdbe67a94daf76414ababcb853783967236a71b16ec16e742cd7a986fd3\windows-amd64\native-platform-file-events.dll
0x00007ffb25ee0000 - 0x00007ffb25eea000 	C:\Program Files\Android\Android Studio\jre\bin\management.dll
0x00007ffb25ed0000 - 0x00007ffb25edd000 	C:\Program Files\Android\Android Studio\jre\bin\management_ext.dll
0x00007ffb3b6b0000 - 0x00007ffb3b6cb000 	C:\WINDOWS\SYSTEM32\CRYPTSP.dll
0x00007ffb3af70000 - 0x00007ffb3afa5000 	C:\WINDOWS\system32\rsaenh.dll
0x00007ffb3b550000 - 0x00007ffb3b578000 	C:\WINDOWS\SYSTEM32\USERENV.dll
0x00007ffb3b860000 - 0x00007ffb3b888000 	C:\WINDOWS\SYSTEM32\bcrypt.dll
0x00007ffb3b6a0000 - 0x00007ffb3b6ac000 	C:\WINDOWS\SYSTEM32\CRYPTBASE.dll
0x00007ffb3aaf0000 - 0x00007ffb3ab1d000 	C:\WINDOWS\SYSTEM32\IPHLPAPI.DLL
0x00007ffb3dcf0000 - 0x00007ffb3dcf9000 	C:\WINDOWS\System32\NSI.dll
0x00007ffb32e10000 - 0x00007ffb32e29000 	C:\WINDOWS\SYSTEM32\dhcpcsvc6.DLL
0x00007ffb32df0000 - 0x00007ffb32e0f000 	C:\WINDOWS\SYSTEM32\dhcpcsvc.DLL
0x00007ffb3ab60000 - 0x00007ffb3ac52000 	C:\WINDOWS\SYSTEM32\DNSAPI.dll

dbghelp: loaded successfully - version: 4.0.5 - missing functions: none
symbol engine: initialized successfully - sym options: 0x614 - pdb path: .;C:\Program Files\Android\Android Studio\jre\bin;C:\WINDOWS\SYSTEM32;C:\WINDOWS\WinSxS\amd64_microsoft.windows.common-controls_6595b64144ccf1df_6.0.22621.608_none_a9444ca7c10bb01d;C:\Program Files\Android\Android Studio\jre\bin\server;C:\Users\DELL\.gradle\native\e1d6ef7f7dcc3fd88c89a11ec53ec762bb8ba0a96d01ffa2cd45eb1d1d8dd5c5\windows-amd64;C:\Users\DELL\.gradle\native\0d407fdbe67a94daf76414ababcb853783967236a71b16ec16e742cd7a986fd3\windows-amd64

VM Arguments:
jvm_args: --add-opens=java.base/java.util=ALL-UNNAMED --add-opens=java.base/java.lang=ALL-UNNAMED --add-opens=java.base/java.lang.invoke=ALL-UNNAMED --add-opens=java.base/java.util=ALL-UNNAMED --add-opens=java.prefs/java.util.prefs=ALL-UNNAMED --add-opens=java.prefs/java.util.prefs=ALL-UNNAMED --add-opens=java.base/java.nio.charset=ALL-UNNAMED --add-opens=java.base/java.net=ALL-UNNAMED --add-opens=java.base/java.util.concurrent.atomic=ALL-UNNAMED -Xmx2048m -Dfile.encoding=UTF-8 -Duser.country=US -Duser.language=en -Duser.variant 
java_command: org.gradle.launcher.daemon.bootstrap.GradleDaemon 7.4
java_class_path (initial): C:\Users\DELL\.gradle\wrapper\dists\gradle-7.4-bin\c0gwcg53nkjbqw7r0h0umtfvt\gradle-7.4\lib\gradle-launcher-7.4.jar
Launcher Type: SUN_STANDARD

[Global flags]
     intx CICompilerCount                          = 4                                         {product} {ergonomic}
     uint ConcGCThreads                            = 2                                         {product} {ergonomic}
     uint G1ConcRefinementThreads                  = 8                                         {product} {ergonomic}
   size_t G1HeapRegionSize                         = 1048576                                   {product} {ergonomic}
    uintx GCDrainStackTargetSize                   = 64                                        {product} {ergonomic}
   size_t InitialHeapSize                          = 100663296                                 {product} {ergonomic}
   size_t MarkStackSize                            = 4194304                                   {product} {ergonomic}
   size_t MaxHeapSize                              = 2147483648                                {product} {command line}
   size_t MaxNewSize                               = 1287651328                                {product} {ergonomic}
   size_t MinHeapDeltaBytes                        = 1048576                                   {product} {ergonomic}
    uintx NonNMethodCodeHeapSize                   = 5836300                                {pd product} {ergonomic}
    uintx NonProfiledCodeHeapSize                  = 122910970                              {pd product} {ergonomic}
    uintx ProfiledCodeHeapSize                     = 122910970                              {pd product} {ergonomic}
    uintx ReservedCodeCacheSize                    = 251658240                              {pd product} {ergonomic}
     bool SegmentedCodeCache                       = true                                      {product} {ergonomic}
     bool UseCompressedClassPointers               = true                                 {lp64_product} {ergonomic}
     bool UseCompressedOops                        = true                                 {lp64_product} {ergonomic}
     bool UseG1GC                                  = true                                      {product} {ergonomic}
     bool UseLargePagesIndividualAllocation        = false                                  {pd product} {ergonomic}

Logging:
Log output configuration:
 #0: stdout all=warning uptime,level,tags
 #1: stderr all=off uptime,level,tags

Environment Variables:
PATH=C:\WINDOWS\system32;C:\WINDOWS;C:\WINDOWS\System32\Wbem;C:\WINDOWS\System32\WindowsPowerShell\v1.0\;C:\WINDOWS\System32\OpenSSH\;C:\Program Files\Git\cmd;C:\Users\DELL\AppData\Local\Microsoft\WindowsApps;C:\Users\DELL\AppData\Local\GitHubDesktop\bin;
USERNAME=DELL
OS=Windows_NT
PROCESSOR_IDENTIFIER=AMD64 Family 23 Model 24 Stepping 1, AuthenticAMD



---------------  S Y S T E M  ---------------

OS: Windows 11 , 64 bit Build 22621 (10.0.22621.608)
OS uptime: 0 days 0:12 hours

CPU:total 8 (initial active 8) (8 cores per cpu, 2 threads per core) family 23 model 24 stepping 1 microcode 0x0, cmov, cx8, fxsr, mmx, sse, sse2, sse3, ssse3, sse4.1, sse4.2, popcnt, avx, avx2, aes, clmul, mmxext, 3dnowpref, lzcnt, sse4a, ht, tsc, tscinvbit, tscinv, bmi1, bmi2, adx, sha, fma

Memory: 4k page, system-wide physical 6030M (170M free)
TotalPageFile size 12174M (AvailPageFile size 4M)
current process WorkingSet (physical memory assigned to process): 356M, peak: 358M
current process commit charge ("private bytes"): 394M, peak: 395M

vm_info: OpenJDK 64-Bit Server VM (11.0.13+0-b1751.21-8125866) for windows-amd64 JRE (11.0.13+0-b1751.21-8125866), built on Feb  2 2022 03:00:22 by "builder" with MS VC++ 14.0 (VS2015)

END.
