#
# There is insufficient memory for the Java Runtime Environment to continue.
# Native memory allocation (malloc) failed to allocate 1085296 bytes for Chunk::new
# Possible reasons:
#   The system is out of physical RAM or swap space
#   The process is running with CompressedOops enabled, and the Java Heap may be blocking the growth of the native heap
# Possible solutions:
#   Reduce memory load on the system
#   Increase physical memory or swap space
#   Check if swap backing store is full
#   Decrease Java heap size (-Xmx/-Xms)
#   Decrease number of Java threads
#   Decrease Java thread stack sizes (-Xss)
#   Set larger code cache with -XX:ReservedCodeCacheSize=
#   JVM is running with Unscaled Compressed Oops mode in which the Java heap is
#     placed in the first 4GB address space. The Java Heap base address is the
#     maximum limit for the native heap growth. Please use -XX:HeapBaseMinAddress
#     to set the Java Heap base and to place the Java Heap above 4GB virtual address.
# This output file may be truncated or incomplete.
#
#  Out of Memory Error (./src/hotspot/share/memory/arena.cpp:197), pid=12520, tid=1476
#
# JRE version: OpenJDK Runtime Environment (11.0.13) (build 11.0.13+0-b1751.21-8125866)
# Java VM: OpenJDK 64-Bit Server VM (11.0.13+0-b1751.21-8125866, mixed mode, tiered, compressed oops, g1 gc, windows-amd64)
# No core dump will be written. Minidumps are not enabled by default on client versions of Windows
#

---------------  S U M M A R Y ------------

Command Line: --add-opens=java.base/java.util=ALL-UNNAMED --add-opens=java.base/java.lang=ALL-UNNAMED --add-opens=java.base/java.lang.invoke=ALL-UNNAMED --add-opens=java.base/java.util=ALL-UNNAMED --add-opens=java.prefs/java.util.prefs=ALL-UNNAMED --add-opens=java.prefs/java.util.prefs=ALL-UNNAMED --add-opens=java.base/java.nio.charset=ALL-UNNAMED --add-opens=java.base/java.net=ALL-UNNAMED --add-opens=java.base/java.util.concurrent.atomic=ALL-UNNAMED -Xmx2048m -Dfile.encoding=UTF-8 -Duser.country=US -Duser.language=en -Duser.variant org.gradle.launcher.daemon.bootstrap.GradleDaemon 7.4

Host: AMD Ryzen 5 3500U with Radeon Vega Mobile Gfx  , 8 cores, 5G,  Windows 11 , 64 bit Build 22621 (10.0.22621.608)
Time: Tue Nov  8 17:00:47 2022 India Standard Time elapsed time: 22.190996 seconds (0d 0h 0m 22s)

---------------  T H R E A D  ---------------

Current thread (0x000001e6a9566000):  JavaThread "C2 CompilerThread0" daemon [_thread_in_native, id=1476, stack(0x000000b86ad00000,0x000000b86ae00000)]


Current CompileTask:
C2:  22191 7069 %     4       org.gradle.internal.instantiation.generator.AbstractClassGenerator::inspectType @ 107 (560 bytes)

Stack: [0x000000b86ad00000,0x000000b86ae00000]
Native frames: (J=compiled Java code, j=interpreted, Vv=VM code, C=native code)
V  [jvm.dll+0x6100fa]
V  [jvm.dll+0x747090]
V  [jvm.dll+0x7486ad]
V  [jvm.dll+0x748d83]
V  [jvm.dll+0x24ab48]
V  [jvm.dll+0xc04dc]
V  [jvm.dll+0xc0a0c]
V  [jvm.dll+0x2bfab4]
V  [jvm.dll+0x524238]
V  [jvm.dll+0x20491a]
V  [jvm.dll+0x2023c2]
V  [jvm.dll+0x188e01]
V  [jvm.dll+0x21106b]
V  [jvm.dll+0x20f8c1]
V  [jvm.dll+0x70de0f]
V  [jvm.dll+0x706a75]
V  [jvm.dll+0x60ed66]
C  [ucrtbase.dll+0x29363]
C  [KERNEL32.DLL+0x1244d]
C  [ntdll.dll+0x5df78]


---------------  P R O C E S S  ---------------

Threads class SMR info:
_java_thread_list=0x000001e6b0ae23b0, length=122, elements={
0x000001e68f0a9800, 0x000001e6a9548000, 0x000001e6a9551800, 0x000001e6a9ed3800,
0x000001e6a9563800, 0x000001e6a9564800, 0x000001e6a9566000, 0x000001e6a9567000,
0x000001e6a956e800, 0x000001e6aa021800, 0x000001e6aaa53000, 0x000001e6ab8be000,
0x000001e6ab299800, 0x000001e6ab308800, 0x000001e6aba4f800, 0x000001e6aa3a1800,
0x000001e6abd84800, 0x000001e6aaf93000, 0x000001e6ab984000, 0x000001e6ab94c800,
0x000001e6aad15800, 0x000001e6aad16000, 0x000001e6aad17000, 0x000001e6aad18000,
0x000001e6aad12000, 0x000001e6aad18800, 0x000001e6aad13000, 0x000001e6aad14000,
0x000001e6aad14800, 0x000001e6acbec800, 0x000001e6acbe7000, 0x000001e6acbed800,
0x000001e6acbee000, 0x000001e6acbe8800, 0x000001e6acbef000, 0x000001e6acbeb000,
0x000001e6acbe9800, 0x000001e6acbf0000, 0x000001e6acbea000, 0x000001e6acbf0800,
0x000001e6acbec000, 0x000001e6acbf5000, 0x000001e6acbf3000, 0x000001e6acbf1800,
0x000001e6acbf2800, 0x000001e6acbf4000, 0x000001e6acbf5800, 0x000001e6afe82000,
0x000001e6afe82800, 0x000001e6afe83800, 0x000001e6afe80800, 0x000001e6afe84800,
0x000001e6afe87000, 0x000001e6afe85000, 0x000001e6afe81000, 0x000001e6afe8b000,
0x000001e6afe89800, 0x000001e6afe87800, 0x000001e6afe8a000, 0x000001e6afe88800,
0x000001e6afe8b800, 0x000001e6afe86000, 0x000001e6afe8c800, 0x000001e6afe8d800,
0x000001e6afe8f000, 0x000001e6afe8e000, 0x000001e6ae6a4800, 0x000001e6ae6a5000,
0x000001e6ae6a3800, 0x000001e6ae6a6000, 0x000001e6ae6a7000, 0x000001e6ae6a1000,
0x000001e6ae6a2000, 0x000001e6ae6a7800, 0x000001e6ae6a8800, 0x000001e6ae6a3000,
0x000001e6ae6ad800, 0x000001e6ae6ab000, 0x000001e6ae6aa000, 0x000001e6ae6ab800,
0x000001e6ae6a9800, 0x000001e6ae6ac800, 0x000001e6ae6af000, 0x000001e6ae6ae000,
0x000001e6ae6b0000, 0x000001e6aec49000, 0x000001e6aec48800, 0x000001e6aec4f800,
0x000001e6aec4d800, 0x000001e6aec4f000, 0x000001e6aec4b800, 0x000001e6aec4e000,
0x000001e6aec4a000, 0x000001e6aec4c800, 0x000001e6aec50800, 0x000001e6aec4b000,
0x000001e6aec52000, 0x000001e6aec54800, 0x000001e6aec53000, 0x000001e6aec55800,
0x000001e6aec51800, 0x000001e6aec56000, 0x000001e6aec54000, 0x000001e6aec57000,
0x000001e6ae8b1800, 0x000001e6ae8b0000, 0x000001e6ae8b3000, 0x000001e6ae8b4000,
0x000001e6ae8b4800, 0x000001e6ae8b5800, 0x000001e6ae8b2000, 0x000001e6ae8b0800,
0x000001e6ae8b6800, 0x000001e6ae8bd000, 0x000001e6ae8b7000, 0x000001e6ae8bb000,
0x000001e6ae8b9000, 0x000001e6ae8bc000, 0x000001e6ae8bd800, 0x000001e6ae8b8000,
0x000001e6ae8be800, 0x000001e6ae8b9800
}

Java Threads: ( => current thread )
  0x000001e68f0a9800 JavaThread "main" [_thread_blocked, id=6832, stack(0x000000b86a100000,0x000000b86a200000)]
  0x000001e6a9548000 JavaThread "Reference Handler" daemon [_thread_blocked, id=12312, stack(0x000000b86a800000,0x000000b86a900000)]
  0x000001e6a9551800 JavaThread "Finalizer" daemon [_thread_blocked, id=3804, stack(0x000000b86a900000,0x000000b86aa00000)]
  0x000001e6a9ed3800 JavaThread "Signal Dispatcher" daemon [_thread_blocked, id=1420, stack(0x000000b86aa00000,0x000000b86ab00000)]
  0x000001e6a9563800 JavaThread "Attach Listener" daemon [_thread_blocked, id=10212, stack(0x000000b86ab00000,0x000000b86ac00000)]
  0x000001e6a9564800 JavaThread "Service Thread" daemon [_thread_blocked, id=13304, stack(0x000000b86ac00000,0x000000b86ad00000)]
=>0x000001e6a9566000 JavaThread "C2 CompilerThread0" daemon [_thread_in_native, id=1476, stack(0x000000b86ad00000,0x000000b86ae00000)]
  0x000001e6a9567000 JavaThread "C1 CompilerThread0" daemon [_thread_blocked, id=12716, stack(0x000000b86ae00000,0x000000b86af00000)]
  0x000001e6a956e800 JavaThread "Sweeper thread" daemon [_thread_blocked, id=3608, stack(0x000000b86af00000,0x000000b86b000000)]
  0x000001e6aa021800 JavaThread "Common-Cleaner" daemon [_thread_blocked, id=10232, stack(0x000000b86b000000,0x000000b86b100000)]
  0x000001e6aaa53000 JavaThread "Daemon health stats" [_thread_blocked, id=10508, stack(0x000000b86b300000,0x000000b86b400000)]
  0x000001e6ab8be000 JavaThread "Incoming local TCP Connector on port 50881" [_thread_in_native, id=11232, stack(0x000000b86b400000,0x000000b86b500000)]
  0x000001e6ab299800 JavaThread "Daemon periodic checks" [_thread_blocked, id=12972, stack(0x000000b86b500000,0x000000b86b600000)]
  0x000001e6ab308800 JavaThread "Daemon" [_thread_blocked, id=2480, stack(0x000000b86b600000,0x000000b86b700000)]
  0x000001e6aba4f800 JavaThread "Handler for socket connection from /127.0.0.1:50881 to /127.0.0.1:50882" [_thread_in_native, id=7924, stack(0x000000b86b700000,0x000000b86b800000)]
  0x000001e6aa3a1800 JavaThread "Cancel handler" [_thread_blocked, id=10968, stack(0x000000b86b800000,0x000000b86b900000)]
  0x000001e6abd84800 JavaThread "Daemon worker" [_thread_in_Java, id=9712, stack(0x000000b86b900000,0x000000b86ba00000)]
  0x000001e6aaf93000 JavaThread "Asynchronous log dispatcher for DefaultDaemonConnection: socket connection from /127.0.0.1:50881 to /127.0.0.1:50882" [_thread_blocked, id=7736, stack(0x000000b86ba00000,0x000000b86bb00000)]
  0x000001e6ab984000 JavaThread "Stdin handler" [_thread_blocked, id=1556, stack(0x000000b86bb00000,0x000000b86bc00000)]
  0x000001e6ab94c800 JavaThread "Daemon client event forwarder" [_thread_blocked, id=6224, stack(0x000000b86bc00000,0x000000b86bd00000)]
  0x000001e6aad15800 JavaThread "Cache worker for journal cache (C:\Users\DELL\.gradle\caches\journal-1)" [_thread_blocked, id=4976, stack(0x000000b86c300000,0x000000b86c400000)]
  0x000001e6aad16000 JavaThread "File lock request listener" [_thread_in_native, id=800, stack(0x000000b86c400000,0x000000b86c500000)]
  0x000001e6aad17000 JavaThread "Cache worker for file hash cache (C:\Users\DELL\.gradle\caches\7.4\fileHashes)" [_thread_blocked, id=3036, stack(0x000000b86c500000,0x000000b86c600000)]
  0x000001e6aad18000 JavaThread "File watcher server" daemon [_thread_in_native, id=2752, stack(0x000000b86c700000,0x000000b86c800000)]
  0x000001e6aad12000 JavaThread "File watcher consumer" daemon [_thread_blocked, id=7680, stack(0x000000b86c800000,0x000000b86c900000)]
  0x000001e6aad18800 JavaThread "Cache worker for checksums cache (C:\Users\DELL\AndroidStudioProjects\SnakeGame\.gradle\7.4\checksums)" [_thread_blocked, id=9492, stack(0x000000b86c900000,0x000000b86ca00000)]
  0x000001e6aad13000 JavaThread "Cache worker for cache directory md-rule (C:\Users\DELL\.gradle\caches\7.4\md-rule)" [_thread_blocked, id=3752, stack(0x000000b86ca00000,0x000000b86cb00000)]
  0x000001e6aad14000 JavaThread "Cache worker for file hash cache (C:\Users\DELL\AndroidStudioProjects\SnakeGame\.gradle\7.4\fileHashes)" [_thread_blocked, id=13164, stack(0x000000b86cb00000,0x000000b86cc00000)]
  0x000001e6aad14800 JavaThread "Cache worker for cache directory md-supplier (C:\Users\DELL\.gradle\caches\7.4\md-supplier)" [_thread_blocked, id=476, stack(0x000000b86cc00000,0x000000b86cd00000)]
  0x000001e6acbec800 JavaThread "Cache worker for execution history cache (C:\Users\DELL\.gradle\caches\7.4\executionHistory)" [_thread_blocked, id=2160, stack(0x000000b86cd00000,0x000000b86ce00000)]
  0x000001e6acbe7000 JavaThread "jar transforms" [_thread_blocked, id=7548, stack(0x000000b86ce00000,0x000000b86cf00000)]
  0x000001e6acbed800 JavaThread "Cache worker for file content cache (C:\Users\DELL\.gradle\caches\7.4\fileContent)" [_thread_blocked, id=11760, stack(0x000000b86cf00000,0x000000b86d000000)]
  0x000001e6acbee000 JavaThread "jar transforms Thread 2" [_thread_blocked, id=10192, stack(0x000000b86d000000,0x000000b86d100000)]
  0x000001e6acbe8800 JavaThread "Cache worker for dependencies-accessors (C:\Users\DELL\AndroidStudioProjects\SnakeGame\.gradle\7.4\dependencies-accessors)" [_thread_blocked, id=10692, stack(0x000000b86d100000,0x000000b86d200000)]
  0x000001e6acbef000 JavaThread "jar transforms Thread 3" [_thread_blocked, id=6232, stack(0x000000b86d200000,0x000000b86d300000)]
  0x000001e6acbeb000 JavaThread "Cache worker for Build Output Cleanup Cache (C:\Users\DELL\AndroidStudioProjects\SnakeGame\.gradle\buildOutputCleanup)" [_thread_blocked, id=6228, stack(0x000000b86d300000,0x000000b86d400000)]
  0x000001e6acbe9800 JavaThread "Unconstrained build operations" [_thread_blocked, id=7792, stack(0x000000b86d400000,0x000000b86d500000)]
  0x000001e6acbf0000 JavaThread "Unconstrained build operations Thread 2" [_thread_blocked, id=11596, stack(0x000000b86d500000,0x000000b86d600000)]
  0x000001e6acbea000 JavaThread "Unconstrained build operations Thread 3" [_thread_blocked, id=12168, stack(0x000000b86d600000,0x000000b86d700000)]
  0x000001e6acbf0800 JavaThread "Unconstrained build operations Thread 4" [_thread_blocked, id=12160, stack(0x000000b86d700000,0x000000b86d800000)]
  0x000001e6acbec000 JavaThread "Unconstrained build operations Thread 5" [_thread_blocked, id=8456, stack(0x000000b86d800000,0x000000b86d900000)]
  0x000001e6acbf5000 JavaThread "Unconstrained build operations Thread 6" [_thread_blocked, id=13308, stack(0x000000b86d900000,0x000000b86da00000)]
  0x000001e6acbf3000 JavaThread "Unconstrained build operations Thread 7" [_thread_blocked, id=5080, stack(0x000000b86da00000,0x000000b86db00000)]
  0x000001e6acbf1800 JavaThread "Unconstrained build operations Thread 8" [_thread_blocked, id=2296, stack(0x000000b86db00000,0x000000b86dc00000)]
  0x000001e6acbf2800 JavaThread "Unconstrained build operations Thread 9" [_thread_blocked, id=7140, stack(0x000000b86dc00000,0x000000b86dd00000)]
  0x000001e6acbf4000 JavaThread "Unconstrained build operations Thread 10" [_thread_blocked, id=9632, stack(0x000000b86dd00000,0x000000b86de00000)]
  0x000001e6acbf5800 JavaThread "Unconstrained build operations Thread 11" [_thread_blocked, id=10840, stack(0x000000b86de00000,0x000000b86df00000)]
  0x000001e6afe82000 JavaThread "Unconstrained build operations Thread 12" [_thread_blocked, id=12532, stack(0x000000b86df00000,0x000000b86e000000)]
  0x000001e6afe82800 JavaThread "Unconstrained build operations Thread 13" [_thread_blocked, id=4052, stack(0x000000b86e000000,0x000000b86e100000)]
  0x000001e6afe83800 JavaThread "Unconstrained build operations Thread 14" [_thread_blocked, id=3676, stack(0x000000b86e100000,0x000000b86e200000)]
  0x000001e6afe80800 JavaThread "Unconstrained build operations Thread 15" [_thread_blocked, id=6756, stack(0x000000b86e200000,0x000000b86e300000)]
  0x000001e6afe84800 JavaThread "Unconstrained build operations Thread 16" [_thread_blocked, id=1636, stack(0x000000b86e300000,0x000000b86e400000)]
  0x000001e6afe87000 JavaThread "Unconstrained build operations Thread 17" [_thread_blocked, id=9916, stack(0x000000b86e400000,0x000000b86e500000)]
  0x000001e6afe85000 JavaThread "Unconstrained build operations Thread 18" [_thread_blocked, id=1092, stack(0x000000b86e500000,0x000000b86e600000)]
  0x000001e6afe81000 JavaThread "Unconstrained build operations Thread 19" [_thread_blocked, id=13076, stack(0x000000b86e600000,0x000000b86e700000)]
  0x000001e6afe8b000 JavaThread "Unconstrained build operations Thread 20" [_thread_blocked, id=1508, stack(0x000000b86e700000,0x000000b86e800000)]
  0x000001e6afe89800 JavaThread "Unconstrained build operations Thread 21" [_thread_blocked, id=12764, stack(0x000000b86e800000,0x000000b86e900000)]
  0x000001e6afe87800 JavaThread "Unconstrained build operations Thread 22" [_thread_blocked, id=12460, stack(0x000000b86e900000,0x000000b86ea00000)]
  0x000001e6afe8a000 JavaThread "Unconstrained build operations Thread 23" [_thread_blocked, id=1592, stack(0x000000b86ea00000,0x000000b86eb00000)]
  0x000001e6afe88800 JavaThread "Unconstrained build operations Thread 24" [_thread_blocked, id=4168, stack(0x000000b86eb00000,0x000000b86ec00000)]
  0x000001e6afe8b800 JavaThread "Unconstrained build operations Thread 25" [_thread_blocked, id=11528, stack(0x000000b86ec00000,0x000000b86ed00000)]
  0x000001e6afe86000 JavaThread "Unconstrained build operations Thread 26" [_thread_blocked, id=3268, stack(0x000000b86ed00000,0x000000b86ee00000)]
  0x000001e6afe8c800 JavaThread "Unconstrained build operations Thread 27" [_thread_blocked, id=5596, stack(0x000000b86ee00000,0x000000b86ef00000)]
  0x000001e6afe8d800 JavaThread "Unconstrained build operations Thread 28" [_thread_blocked, id=8244, stack(0x000000b86ef00000,0x000000b86f000000)]
  0x000001e6afe8f000 JavaThread "Unconstrained build operations Thread 29" [_thread_blocked, id=9184, stack(0x000000b86f000000,0x000000b86f100000)]
  0x000001e6afe8e000 JavaThread "Unconstrained build operations Thread 30" [_thread_blocked, id=9488, stack(0x000000b86f100000,0x000000b86f200000)]
  0x000001e6ae6a4800 JavaThread "Unconstrained build operations Thread 31" [_thread_blocked, id=9984, stack(0x000000b86f200000,0x000000b86f300000)]
  0x000001e6ae6a5000 JavaThread "Unconstrained build operations Thread 32" [_thread_blocked, id=2600, stack(0x000000b86f300000,0x000000b86f400000)]
  0x000001e6ae6a3800 JavaThread "Unconstrained build operations Thread 33" [_thread_blocked, id=7424, stack(0x000000b86f400000,0x000000b86f500000)]
  0x000001e6ae6a6000 JavaThread "Unconstrained build operations Thread 34" [_thread_blocked, id=6244, stack(0x000000b86f500000,0x000000b86f600000)]
  0x000001e6ae6a7000 JavaThread "Unconstrained build operations Thread 35" [_thread_blocked, id=7944, stack(0x000000b86f600000,0x000000b86f700000)]
  0x000001e6ae6a1000 JavaThread "Unconstrained build operations Thread 36" [_thread_blocked, id=12284, stack(0x000000b86f700000,0x000000b86f800000)]
  0x000001e6ae6a2000 JavaThread "Unconstrained build operations Thread 37" [_thread_blocked, id=3716, stack(0x000000b86f800000,0x000000b86f900000)]
  0x000001e6ae6a7800 JavaThread "Unconstrained build operations Thread 38" [_thread_blocked, id=2856, stack(0x000000b86f900000,0x000000b86fa00000)]
  0x000001e6ae6a8800 JavaThread "Unconstrained build operations Thread 39" [_thread_blocked, id=5648, stack(0x000000b86fa00000,0x000000b86fb00000)]
  0x000001e6ae6a3000 JavaThread "Unconstrained build operations Thread 40" [_thread_blocked, id=7496, stack(0x000000b86fb00000,0x000000b86fc00000)]
  0x000001e6ae6ad800 JavaThread "Unconstrained build operations Thread 41" [_thread_blocked, id=8576, stack(0x000000b86fc00000,0x000000b86fd00000)]
  0x000001e6ae6ab000 JavaThread "Unconstrained build operations Thread 42" [_thread_blocked, id=12940, stack(0x000000b86fd00000,0x000000b86fe00000)]
  0x000001e6ae6aa000 JavaThread "Unconstrained build operations Thread 43" [_thread_blocked, id=3296, stack(0x000000b86fe00000,0x000000b86ff00000)]
  0x000001e6ae6ab800 JavaThread "Unconstrained build operations Thread 44" [_thread_blocked, id=5416, stack(0x000000b86ff00000,0x000000b870000000)]
  0x000001e6ae6a9800 JavaThread "Unconstrained build operations Thread 45" [_thread_blocked, id=10448, stack(0x000000b870000000,0x000000b870100000)]
  0x000001e6ae6ac800 JavaThread "Unconstrained build operations Thread 46" [_thread_blocked, id=12524, stack(0x000000b870100000,0x000000b870200000)]
  0x000001e6ae6af000 JavaThread "Unconstrained build operations Thread 47" [_thread_blocked, id=11976, stack(0x000000b870200000,0x000000b870300000)]
  0x000001e6ae6ae000 JavaThread "Unconstrained build operations Thread 48" [_thread_blocked, id=8336, stack(0x000000b870300000,0x000000b870400000)]
  0x000001e6ae6b0000 JavaThread "Unconstrained build operations Thread 49" [_thread_blocked, id=5204, stack(0x000000b870400000,0x000000b870500000)]
  0x000001e6aec49000 JavaThread "Unconstrained build operations Thread 50" [_thread_blocked, id=7672, stack(0x000000b870500000,0x000000b870600000)]
  0x000001e6aec48800 JavaThread "Unconstrained build operations Thread 51" [_thread_blocked, id=6928, stack(0x000000b870600000,0x000000b870700000)]
  0x000001e6aec4f800 JavaThread "Unconstrained build operations Thread 52" [_thread_blocked, id=11740, stack(0x000000b870700000,0x000000b870800000)]
  0x000001e6aec4d800 JavaThread "Unconstrained build operations Thread 53" [_thread_blocked, id=11488, stack(0x000000b870800000,0x000000b870900000)]
  0x000001e6aec4f000 JavaThread "Unconstrained build operations Thread 54" [_thread_blocked, id=5864, stack(0x000000b870900000,0x000000b870a00000)]
  0x000001e6aec4b800 JavaThread "Unconstrained build operations Thread 55" [_thread_blocked, id=13192, stack(0x000000b870a00000,0x000000b870b00000)]
  0x000001e6aec4e000 JavaThread "Unconstrained build operations Thread 56" [_thread_blocked, id=11364, stack(0x000000b870b00000,0x000000b870c00000)]
  0x000001e6aec4a000 JavaThread "Unconstrained build operations Thread 57" [_thread_blocked, id=10952, stack(0x000000b870c00000,0x000000b870d00000)]
  0x000001e6aec4c800 JavaThread "Unconstrained build operations Thread 58" [_thread_blocked, id=12820, stack(0x000000b870d00000,0x000000b870e00000)]
  0x000001e6aec50800 JavaThread "Unconstrained build operations Thread 59" [_thread_blocked, id=6192, stack(0x000000b870e00000,0x000000b870f00000)]
  0x000001e6aec4b000 JavaThread "Unconstrained build operations Thread 60" [_thread_blocked, id=1660, stack(0x000000b870f00000,0x000000b871000000)]
  0x000001e6aec52000 JavaThread "Unconstrained build operations Thread 61" [_thread_blocked, id=11360, stack(0x000000b871000000,0x000000b871100000)]
  0x000001e6aec54800 JavaThread "Unconstrained build operations Thread 62" [_thread_blocked, id=7432, stack(0x000000b871100000,0x000000b871200000)]
  0x000001e6aec53000 JavaThread "Unconstrained build operations Thread 63" [_thread_blocked, id=7364, stack(0x000000b871200000,0x000000b871300000)]
  0x000001e6aec55800 JavaThread "Unconstrained build operations Thread 64" [_thread_blocked, id=12696, stack(0x000000b871300000,0x000000b871400000)]
  0x000001e6aec51800 JavaThread "Unconstrained build operations Thread 65" [_thread_blocked, id=8500, stack(0x000000b871400000,0x000000b871500000)]
  0x000001e6aec56000 JavaThread "Unconstrained build operations Thread 66" [_thread_blocked, id=11372, stack(0x000000b871500000,0x000000b871600000)]
  0x000001e6aec54000 JavaThread "Unconstrained build operations Thread 67" [_thread_blocked, id=10548, stack(0x000000b871600000,0x000000b871700000)]
  0x000001e6aec57000 JavaThread "Unconstrained build operations Thread 68" [_thread_blocked, id=3192, stack(0x000000b871700000,0x000000b871800000)]
  0x000001e6ae8b1800 JavaThread "Unconstrained build operations Thread 69" [_thread_blocked, id=6280, stack(0x000000b871800000,0x000000b871900000)]
  0x000001e6ae8b0000 JavaThread "Unconstrained build operations Thread 70" [_thread_blocked, id=4432, stack(0x000000b871900000,0x000000b871a00000)]
  0x000001e6ae8b3000 JavaThread "Unconstrained build operations Thread 71" [_thread_blocked, id=7072, stack(0x000000b871a00000,0x000000b871b00000)]
  0x000001e6ae8b4000 JavaThread "Unconstrained build operations Thread 72" [_thread_blocked, id=2540, stack(0x000000b871b00000,0x000000b871c00000)]
  0x000001e6ae8b4800 JavaThread "Unconstrained build operations Thread 73" [_thread_blocked, id=7616, stack(0x000000b871c00000,0x000000b871d00000)]
  0x000001e6ae8b5800 JavaThread "Unconstrained build operations Thread 74" [_thread_blocked, id=9952, stack(0x000000b871d00000,0x000000b871e00000)]
  0x000001e6ae8b2000 JavaThread "Unconstrained build operations Thread 75" [_thread_blocked, id=3696, stack(0x000000b871e00000,0x000000b871f00000)]
  0x000001e6ae8b0800 JavaThread "Unconstrained build operations Thread 76" [_thread_blocked, id=4136, stack(0x000000b871f00000,0x000000b872000000)]
  0x000001e6ae8b6800 JavaThread "Unconstrained build operations Thread 77" [_thread_blocked, id=7356, stack(0x000000b872000000,0x000000b872100000)]
  0x000001e6ae8bd000 JavaThread "Unconstrained build operations Thread 78" [_thread_blocked, id=2808, stack(0x000000b872100000,0x000000b872200000)]
  0x000001e6ae8b7000 JavaThread "Unconstrained build operations Thread 79" [_thread_blocked, id=9908, stack(0x000000b872200000,0x000000b872300000)]
  0x000001e6ae8bb000 JavaThread "Unconstrained build operations Thread 80" [_thread_blocked, id=11640, stack(0x000000b872300000,0x000000b872400000)]
  0x000001e6ae8b9000 JavaThread "jar transforms Thread 4" [_thread_blocked, id=6584, stack(0x000000b872400000,0x000000b872500000)]
  0x000001e6ae8bc000 JavaThread "jar transforms Thread 5" [_thread_blocked, id=2920, stack(0x000000b872500000,0x000000b872600000)]
  0x000001e6ae8bd800 JavaThread "jar transforms Thread 6" [_thread_blocked, id=3824, stack(0x000000b872600000,0x000000b872700000)]
  0x000001e6ae8b8000 JavaThread "jar transforms Thread 7" [_thread_blocked, id=2272, stack(0x000000b872700000,0x000000b872800000)]
  0x000001e6ae8be800 JavaThread "jar transforms Thread 8" [_thread_blocked, id=8788, stack(0x000000b872800000,0x000000b872900000)]
  0x000001e6ae8b9800 JavaThread "Memory manager" [_thread_blocked, id=6504, stack(0x000000b872900000,0x000000b872a00000)]

Other Threads:
  0x000001e6a9546000 VMThread "VM Thread" [stack: 0x000000b86a700000,0x000000b86a800000] [id=3808]
  0x000001e6aa058800 WatcherThread [stack: 0x000000b86b100000,0x000000b86b200000] [id=13216]
  0x000001e68f0c2000 GCTaskThread "GC Thread#0" [stack: 0x000000b86a200000,0x000000b86a300000] [id=12004]
  0x000001e6aafb1800 GCTaskThread "GC Thread#1" [stack: 0x000000b86b200000,0x000000b86b300000] [id=12868]
  0x000001e6abd36000 GCTaskThread "GC Thread#2" [stack: 0x000000b86bd00000,0x000000b86be00000] [id=3052]
  0x000001e6ac01a800 GCTaskThread "GC Thread#3" [stack: 0x000000b86be00000,0x000000b86bf00000] [id=10556]
  0x000001e6aacff000 GCTaskThread "GC Thread#4" [stack: 0x000000b86bf00000,0x000000b86c000000] [id=10532]
  0x000001e6abe4e800 GCTaskThread "GC Thread#5" [stack: 0x000000b86c000000,0x000000b86c100000] [id=7044]
  0x000001e6abe4f000 GCTaskThread "GC Thread#6" [stack: 0x000000b86c100000,0x000000b86c200000] [id=6872]
  0x000001e6abd57800 GCTaskThread "GC Thread#7" [stack: 0x000000b86c200000,0x000000b86c300000] [id=10668]
  0x000001e68f0f7000 ConcurrentGCThread "G1 Main Marker" [stack: 0x000000b86a300000,0x000000b86a400000] [id=2256]
  0x000001e68f0f9000 ConcurrentGCThread "G1 Conc#0" [stack: 0x000000b86a400000,0x000000b86a500000] [id=9932]
  0x000001e6abff6800 ConcurrentGCThread "G1 Conc#1" [stack: 0x000000b86c600000,0x000000b86c700000] [id=12048]
  0x000001e6a93a0800 ConcurrentGCThread "G1 Refine#0" [stack: 0x000000b86a500000,0x000000b86a600000] [id=1428]
  0x000001e6a93a1800 ConcurrentGCThread "G1 Young RemSet Sampling" [stack: 0x000000b86a600000,0x000000b86a700000] [id=11152]

Threads with active compile tasks:
C2 CompilerThread0  22225 7069 %     4       org.gradle.internal.instantiation.generator.AbstractClassGenerator::inspectType @ 107 (560 bytes)

VM state:not at safepoint (normal execution)

VM Mutex/Monitor currently owned by a thread: None

Heap address: 0x0000000080000000, size: 2048 MB, Compressed Oops mode: 32-bit
Narrow klass base: 0x0000000000000000, Narrow klass shift: 3
Compressed class space size: 1073741824 Address: 0x0000000100000000

Heap:
 garbage-first heap   total 143360K, used 88698K [0x0000000080000000, 0x0000000100000000)
  region size 1024K, 37 young (37888K), 7 survivors (7168K)
 Metaspace       used 74360K, capacity 76063K, committed 76316K, reserved 1116160K
  class space    used 9627K, capacity 10263K, committed 10392K, reserved 1048576K
Heap Regions: E=young(eden), S=young(survivor), O=old, HS=humongous(starts), HC=humongous(continues), CS=collection set, F=free, A=archive, TAMS=top-at-mark-start (previous, next)
|   0|0x0000000080000000, 0x0000000080100000, 0x0000000080100000|100%| O|  |TAMS 0x0000000080100000, 0x0000000080000000| Untracked 
|   1|0x0000000080100000, 0x0000000080200000, 0x0000000080200000|100%| O|  |TAMS 0x0000000080200000, 0x0000000080100000| Untracked 
|   2|0x0000000080200000, 0x0000000080300000, 0x0000000080300000|100%| O|  |TAMS 0x0000000080300000, 0x0000000080200000| Untracked 
|   3|0x0000000080300000, 0x0000000080400000, 0x0000000080400000|100%|HS|  |TAMS 0x0000000080400000, 0x0000000080300000| Complete 
|   4|0x0000000080400000, 0x0000000080500000, 0x0000000080500000|100%|HC|  |TAMS 0x0000000080500000, 0x0000000080400000| Complete 
|   5|0x0000000080500000, 0x0000000080600000, 0x0000000080600000|100%|HC|  |TAMS 0x0000000080600000, 0x0000000080500000| Complete 
|   6|0x0000000080600000, 0x0000000080700000, 0x0000000080700000|100%| O|  |TAMS 0x0000000080700000, 0x0000000080600000| Untracked 
|   7|0x0000000080700000, 0x0000000080800000, 0x0000000080800000|100%| O|  |TAMS 0x0000000080800000, 0x0000000080700000| Untracked 
|   8|0x0000000080800000, 0x0000000080900000, 0x0000000080900000|100%| O|  |TAMS 0x0000000080900000, 0x0000000080800000| Untracked 
|   9|0x0000000080900000, 0x0000000080a00000, 0x0000000080a00000|100%| O|  |TAMS 0x0000000080a00000, 0x0000000080900000| Untracked 
|  10|0x0000000080a00000, 0x0000000080b00000, 0x0000000080b00000|100%| O|  |TAMS 0x0000000080b00000, 0x0000000080a00000| Untracked 
|  11|0x0000000080b00000, 0x0000000080c00000, 0x0000000080c00000|100%| O|  |TAMS 0x0000000080c00000, 0x0000000080b00000| Untracked 
|  12|0x0000000080c00000, 0x0000000080d00000, 0x0000000080d00000|100%| O|  |TAMS 0x0000000080d00000, 0x0000000080c00000| Untracked 
|  13|0x0000000080d00000, 0x0000000080e00000, 0x0000000080e00000|100%| O|  |TAMS 0x0000000080e00000, 0x0000000080d00000| Untracked 
|  14|0x0000000080e00000, 0x0000000080f00000, 0x0000000080f00000|100%| O|  |TAMS 0x0000000080f00000, 0x0000000080e00000| Untracked 
|  15|0x0000000080f00000, 0x0000000081000000, 0x0000000081000000|100%| O|  |TAMS 0x0000000081000000, 0x0000000080f00000| Untracked 
|  16|0x0000000081000000, 0x0000000081100000, 0x0000000081100000|100%| O|  |TAMS 0x0000000081100000, 0x0000000081000000| Untracked 
|  17|0x0000000081100000, 0x0000000081200000, 0x0000000081200000|100%| O|  |TAMS 0x0000000081200000, 0x0000000081100000| Untracked 
|  18|0x0000000081200000, 0x0000000081300000, 0x0000000081300000|100%| O|  |TAMS 0x0000000081300000, 0x0000000081200000| Untracked 
|  19|0x0000000081300000, 0x0000000081400000, 0x0000000081400000|100%| O|  |TAMS 0x0000000081400000, 0x0000000081300000| Untracked 
|  20|0x0000000081400000, 0x0000000081500000, 0x0000000081500000|100%| O|  |TAMS 0x0000000081500000, 0x0000000081400000| Untracked 
|  21|0x0000000081500000, 0x0000000081600000, 0x0000000081600000|100%| O|  |TAMS 0x0000000081600000, 0x0000000081500000| Untracked 
|  22|0x0000000081600000, 0x0000000081700000, 0x0000000081700000|100%| O|  |TAMS 0x0000000081700000, 0x0000000081600000| Untracked 
|  23|0x0000000081700000, 0x0000000081800000, 0x0000000081800000|100%|HS|  |TAMS 0x0000000081800000, 0x0000000081700000| Complete 
|  24|0x0000000081800000, 0x0000000081900000, 0x0000000081900000|100%| O|  |TAMS 0x0000000081900000, 0x0000000081800000| Untracked 
|  25|0x0000000081900000, 0x0000000081a00000, 0x0000000081a00000|100%| O|  |TAMS 0x0000000081a00000, 0x0000000081900000| Untracked 
|  26|0x0000000081a00000, 0x0000000081b00000, 0x0000000081b00000|100%| O|  |TAMS 0x0000000081b00000, 0x0000000081a00000| Untracked 
|  27|0x0000000081b00000, 0x0000000081c00000, 0x0000000081c00000|100%|HS|  |TAMS 0x0000000081c00000, 0x0000000081b00000| Complete 
|  28|0x0000000081c00000, 0x0000000081d00000, 0x0000000081d00000|100%| O|  |TAMS 0x0000000081d00000, 0x0000000081c00000| Untracked 
|  29|0x0000000081d00000, 0x0000000081e00000, 0x0000000081e00000|100%|HS|  |TAMS 0x0000000081e00000, 0x0000000081d00000| Complete 
|  30|0x0000000081e00000, 0x0000000081f00000, 0x0000000081f00000|100%|HC|  |TAMS 0x0000000081f00000, 0x0000000081e00000| Complete 
|  31|0x0000000081f00000, 0x0000000082000000, 0x0000000082000000|100%| O|  |TAMS 0x0000000082000000, 0x0000000081f00000| Untracked 
|  32|0x0000000082000000, 0x0000000082100000, 0x0000000082100000|100%| O|  |TAMS 0x0000000082100000, 0x0000000082000000| Untracked 
|  33|0x0000000082100000, 0x0000000082200000, 0x0000000082200000|100%| O|  |TAMS 0x0000000082200000, 0x0000000082100000| Untracked 
|  34|0x0000000082200000, 0x0000000082300000, 0x0000000082300000|100%| O|  |TAMS 0x0000000082300000, 0x0000000082200000| Untracked 
|  35|0x0000000082300000, 0x0000000082400000, 0x0000000082400000|100%| O|  |TAMS 0x0000000082400000, 0x0000000082300000| Untracked 
|  36|0x0000000082400000, 0x0000000082500000, 0x0000000082500000|100%| O|  |TAMS 0x0000000082500000, 0x0000000082400000| Untracked 
|  37|0x0000000082500000, 0x0000000082600000, 0x0000000082600000|100%| O|  |TAMS 0x0000000082600000, 0x0000000082500000| Untracked 
|  38|0x0000000082600000, 0x0000000082700000, 0x0000000082700000|100%| O|  |TAMS 0x0000000082700000, 0x0000000082600000| Untracked 
|  39|0x0000000082700000, 0x0000000082800000, 0x0000000082800000|100%| O|  |TAMS 0x0000000082800000, 0x0000000082700000| Untracked 
|  40|0x0000000082800000, 0x0000000082900000, 0x0000000082900000|100%| O|  |TAMS 0x0000000082900000, 0x0000000082800000| Untracked 
|  41|0x0000000082900000, 0x0000000082a00000, 0x0000000082a00000|100%| O|  |TAMS 0x0000000082a00000, 0x0000000082900000| Untracked 
|  42|0x0000000082a00000, 0x0000000082b00000, 0x0000000082b00000|100%| O|  |TAMS 0x0000000082a36400, 0x0000000082a00000| Untracked 
|  43|0x0000000082b00000, 0x0000000082c00000, 0x0000000082c00000|100%| O|  |TAMS 0x0000000082b00000, 0x0000000082b00000| Untracked 
|  44|0x0000000082c00000, 0x0000000082d00000, 0x0000000082d00000|100%| O|  |TAMS 0x0000000082c00000, 0x0000000082c00000| Untracked 
|  45|0x0000000082d00000, 0x0000000082e00000, 0x0000000082e00000|100%| O|  |TAMS 0x0000000082d00000, 0x0000000082d00000| Untracked 
|  46|0x0000000082e00000, 0x0000000082f00000, 0x0000000082f00000|100%| O|  |TAMS 0x0000000082e00000, 0x0000000082e00000| Untracked 
|  47|0x0000000082f00000, 0x0000000083000000, 0x0000000083000000|100%| O|  |TAMS 0x0000000082f00000, 0x0000000082f00000| Untracked 
|  48|0x0000000083000000, 0x0000000083100000, 0x0000000083100000|100%| O|  |TAMS 0x0000000083000000, 0x0000000083000000| Untracked 
|  49|0x0000000083100000, 0x0000000083200000, 0x0000000083200000|100%| O|  |TAMS 0x0000000083100000, 0x0000000083100000| Untracked 
|  50|0x0000000083200000, 0x0000000083300000, 0x0000000083300000|100%| O|  |TAMS 0x0000000083200000, 0x0000000083200000| Untracked 
|  51|0x0000000083300000, 0x0000000083300000, 0x0000000083400000|  0%| F|  |TAMS 0x0000000083300000, 0x0000000083300000| Untracked 
|  52|0x0000000083400000, 0x0000000083400000, 0x0000000083500000|  0%| F|  |TAMS 0x0000000083400000, 0x0000000083400000| Untracked 
|  53|0x0000000083500000, 0x0000000083500000, 0x0000000083600000|  0%| F|  |TAMS 0x0000000083500000, 0x0000000083500000| Untracked 
|  54|0x0000000083600000, 0x0000000083600000, 0x0000000083700000|  0%| F|  |TAMS 0x0000000083600000, 0x0000000083600000| Untracked 
|  55|0x0000000083700000, 0x0000000083700000, 0x0000000083800000|  0%| F|  |TAMS 0x0000000083700000, 0x0000000083700000| Untracked 
|  56|0x0000000083800000, 0x0000000083800000, 0x0000000083900000|  0%| F|  |TAMS 0x0000000083800000, 0x0000000083800000| Untracked 
|  57|0x0000000083900000, 0x0000000083900000, 0x0000000083a00000|  0%| F|  |TAMS 0x0000000083900000, 0x0000000083900000| Untracked 
|  58|0x0000000083a00000, 0x0000000083a00000, 0x0000000083b00000|  0%| F|  |TAMS 0x0000000083a00000, 0x0000000083a00000| Untracked 
|  59|0x0000000083b00000, 0x0000000083b00000, 0x0000000083c00000|  0%| F|  |TAMS 0x0000000083b00000, 0x0000000083b00000| Untracked 
|  60|0x0000000083c00000, 0x0000000083c00000, 0x0000000083d00000|  0%| F|  |TAMS 0x0000000083c00000, 0x0000000083c00000| Untracked 
|  61|0x0000000083d00000, 0x0000000083d00000, 0x0000000083e00000|  0%| F|  |TAMS 0x0000000083d00000, 0x0000000083d00000| Untracked 
|  62|0x0000000083e00000, 0x0000000083e00000, 0x0000000083f00000|  0%| F|  |TAMS 0x0000000083e00000, 0x0000000083e00000| Untracked 
|  63|0x0000000083f00000, 0x0000000083f00000, 0x0000000084000000|  0%| F|  |TAMS 0x0000000083f00000, 0x0000000083f00000| Untracked 
|  64|0x0000000084000000, 0x0000000084000000, 0x0000000084100000|  0%| F|  |TAMS 0x0000000084000000, 0x0000000084000000| Untracked 
|  65|0x0000000084100000, 0x0000000084100000, 0x0000000084200000|  0%| F|  |TAMS 0x0000000084100000, 0x0000000084100000| Untracked 
|  66|0x0000000084200000, 0x0000000084200000, 0x0000000084300000|  0%| F|  |TAMS 0x0000000084200000, 0x0000000084200000| Untracked 
|  67|0x0000000084300000, 0x0000000084300000, 0x0000000084400000|  0%| F|  |TAMS 0x0000000084300000, 0x0000000084300000| Untracked 
|  68|0x0000000084400000, 0x0000000084400000, 0x0000000084500000|  0%| F|  |TAMS 0x0000000084400000, 0x0000000084400000| Untracked 
|  69|0x0000000084500000, 0x0000000084500000, 0x0000000084600000|  0%| F|  |TAMS 0x0000000084500000, 0x0000000084500000| Untracked 
|  70|0x0000000084600000, 0x0000000084600000, 0x0000000084700000|  0%| F|  |TAMS 0x0000000084600000, 0x0000000084600000| Untracked 
|  71|0x0000000084700000, 0x0000000084700000, 0x0000000084800000|  0%| F|  |TAMS 0x0000000084700000, 0x0000000084700000| Untracked 
|  72|0x0000000084800000, 0x0000000084800000, 0x0000000084900000|  0%| F|  |TAMS 0x0000000084800000, 0x0000000084800000| Untracked 
|  73|0x0000000084900000, 0x0000000084900000, 0x0000000084a00000|  0%| F|  |TAMS 0x0000000084900000, 0x0000000084900000| Untracked 
|  74|0x0000000084a00000, 0x0000000084a00000, 0x0000000084b00000|  0%| F|  |TAMS 0x0000000084a00000, 0x0000000084a00000| Untracked 
|  75|0x0000000084b00000, 0x0000000084b00000, 0x0000000084c00000|  0%| F|  |TAMS 0x0000000084b00000, 0x0000000084b00000| Untracked 
|  76|0x0000000084c00000, 0x0000000084c00000, 0x0000000084d00000|  0%| F|  |TAMS 0x0000000084c00000, 0x0000000084c00000| Untracked 
|  77|0x0000000084d00000, 0x0000000084d00000, 0x0000000084e00000|  0%| F|  |TAMS 0x0000000084d00000, 0x0000000084d00000| Untracked 
|  78|0x0000000084e00000, 0x0000000084e00000, 0x0000000084f00000|  0%| F|  |TAMS 0x0000000084e00000, 0x0000000084e00000| Untracked 
|  79|0x0000000084f00000, 0x0000000084f00000, 0x0000000085000000|  0%| F|  |TAMS 0x0000000084f00000, 0x0000000084f00000| Untracked 
|  80|0x0000000085000000, 0x000000008509e818, 0x0000000085100000| 61%| S|CS|TAMS 0x0000000085000000, 0x0000000085000000| Complete 
|  81|0x0000000085100000, 0x0000000085200000, 0x0000000085200000|100%| S|CS|TAMS 0x0000000085100000, 0x0000000085100000| Complete 
|  82|0x0000000085200000, 0x0000000085300000, 0x0000000085300000|100%| S|CS|TAMS 0x0000000085200000, 0x0000000085200000| Complete 
|  83|0x0000000085300000, 0x0000000085400000, 0x0000000085400000|100%| S|CS|TAMS 0x0000000085300000, 0x0000000085300000| Complete 
|  84|0x0000000085400000, 0x0000000085500000, 0x0000000085500000|100%| S|CS|TAMS 0x0000000085400000, 0x0000000085400000| Complete 
|  85|0x0000000085500000, 0x0000000085600000, 0x0000000085600000|100%| S|CS|TAMS 0x0000000085500000, 0x0000000085500000| Complete 
|  86|0x0000000085600000, 0x0000000085700000, 0x0000000085700000|100%| S|CS|TAMS 0x0000000085600000, 0x0000000085600000| Complete 
|  87|0x0000000085700000, 0x0000000085700000, 0x0000000085800000|  0%| F|  |TAMS 0x0000000085700000, 0x0000000085700000| Untracked 
|  88|0x0000000085800000, 0x0000000085800000, 0x0000000085900000|  0%| F|  |TAMS 0x0000000085800000, 0x0000000085800000| Untracked 
|  89|0x0000000085900000, 0x0000000085900000, 0x0000000085a00000|  0%| F|  |TAMS 0x0000000085900000, 0x0000000085900000| Untracked 
|  90|0x0000000085a00000, 0x0000000085a00000, 0x0000000085b00000|  0%| F|  |TAMS 0x0000000085a00000, 0x0000000085a00000| Untracked 
|  91|0x0000000085b00000, 0x0000000085b00000, 0x0000000085c00000|  0%| F|  |TAMS 0x0000000085b00000, 0x0000000085b00000| Untracked 
|  92|0x0000000085c00000, 0x0000000085c00000, 0x0000000085d00000|  0%| F|  |TAMS 0x0000000085c00000, 0x0000000085c00000| Untracked 
|  93|0x0000000085d00000, 0x0000000085d00000, 0x0000000085e00000|  0%| F|  |TAMS 0x0000000085d00000, 0x0000000085d00000| Untracked 
|  94|0x0000000085e00000, 0x0000000085e00000, 0x0000000085f00000|  0%| F|  |TAMS 0x0000000085e00000, 0x0000000085e00000| Untracked 
|  95|0x0000000085f00000, 0x0000000085f00000, 0x0000000086000000|  0%| F|  |TAMS 0x0000000085f00000, 0x0000000085f00000| Untracked 
|  96|0x0000000086000000, 0x0000000086000000, 0x0000000086100000|  0%| F|  |TAMS 0x0000000086000000, 0x0000000086000000| Untracked 
|  97|0x0000000086100000, 0x0000000086100000, 0x0000000086200000|  0%| F|  |TAMS 0x0000000086100000, 0x0000000086100000| Untracked 
|  98|0x0000000086200000, 0x0000000086200000, 0x0000000086300000|  0%| F|  |TAMS 0x0000000086200000, 0x0000000086200000| Untracked 
|  99|0x0000000086300000, 0x0000000086300000, 0x0000000086400000|  0%| F|  |TAMS 0x0000000086300000, 0x0000000086300000| Untracked 
| 100|0x0000000086400000, 0x0000000086400000, 0x0000000086500000|  0%| F|  |TAMS 0x0000000086400000, 0x0000000086400000| Untracked 
| 101|0x0000000086500000, 0x0000000086500000, 0x0000000086600000|  0%| F|  |TAMS 0x0000000086500000, 0x0000000086500000| Untracked 
| 102|0x0000000086600000, 0x0000000086600000, 0x0000000086700000|  0%| F|  |TAMS 0x0000000086600000, 0x0000000086600000| Untracked 
| 103|0x0000000086700000, 0x0000000086700000, 0x0000000086800000|  0%| F|  |TAMS 0x0000000086700000, 0x0000000086700000| Untracked 
| 104|0x0000000086800000, 0x0000000086800000, 0x0000000086900000|  0%| F|  |TAMS 0x0000000086800000, 0x0000000086800000| Untracked 
| 105|0x0000000086900000, 0x0000000086900000, 0x0000000086a00000|  0%| F|  |TAMS 0x0000000086900000, 0x0000000086900000| Untracked 
| 106|0x0000000086a00000, 0x0000000086a00000, 0x0000000086b00000|  0%| F|  |TAMS 0x0000000086a00000, 0x0000000086a00000| Untracked 
| 107|0x0000000086b00000, 0x0000000086b00000, 0x0000000086c00000|  0%| F|  |TAMS 0x0000000086b00000, 0x0000000086b00000| Untracked 
| 108|0x0000000086c00000, 0x0000000086c00000, 0x0000000086d00000|  0%| F|  |TAMS 0x0000000086c00000, 0x0000000086c00000| Untracked 
| 109|0x0000000086d00000, 0x0000000086d00000, 0x0000000086e00000|  0%| F|  |TAMS 0x0000000086d00000, 0x0000000086d00000| Untracked 
| 110|0x0000000086e00000, 0x0000000086f00000, 0x0000000086f00000|100%| E|  |TAMS 0x0000000086e00000, 0x0000000086e00000| Complete 
| 111|0x0000000086f00000, 0x0000000087000000, 0x0000000087000000|100%| E|CS|TAMS 0x0000000086f00000, 0x0000000086f00000| Complete 
| 112|0x0000000087000000, 0x0000000087100000, 0x0000000087100000|100%| E|CS|TAMS 0x0000000087000000, 0x0000000087000000| Complete 
| 113|0x0000000087100000, 0x0000000087200000, 0x0000000087200000|100%| E|CS|TAMS 0x0000000087100000, 0x0000000087100000| Complete 
| 114|0x0000000087200000, 0x0000000087300000, 0x0000000087300000|100%| E|CS|TAMS 0x0000000087200000, 0x0000000087200000| Complete 
| 115|0x0000000087300000, 0x0000000087400000, 0x0000000087400000|100%| E|CS|TAMS 0x0000000087300000, 0x0000000087300000| Complete 
| 116|0x0000000087400000, 0x0000000087500000, 0x0000000087500000|100%| E|CS|TAMS 0x0000000087400000, 0x0000000087400000| Complete 
| 117|0x0000000087500000, 0x0000000087600000, 0x0000000087600000|100%| E|CS|TAMS 0x0000000087500000, 0x0000000087500000| Complete 
| 118|0x0000000087600000, 0x0000000087700000, 0x0000000087700000|100%| E|CS|TAMS 0x0000000087600000, 0x0000000087600000| Complete 
| 119|0x0000000087700000, 0x0000000087800000, 0x0000000087800000|100%| E|CS|TAMS 0x0000000087700000, 0x0000000087700000| Complete 
| 120|0x0000000087800000, 0x0000000087900000, 0x0000000087900000|100%| E|CS|TAMS 0x0000000087800000, 0x0000000087800000| Complete 
| 121|0x0000000087900000, 0x0000000087a00000, 0x0000000087a00000|100%| E|CS|TAMS 0x0000000087900000, 0x0000000087900000| Complete 
| 122|0x0000000087a00000, 0x0000000087b00000, 0x0000000087b00000|100%| E|CS|TAMS 0x0000000087a00000, 0x0000000087a00000| Complete 
| 123|0x0000000087b00000, 0x0000000087c00000, 0x0000000087c00000|100%| E|CS|TAMS 0x0000000087b00000, 0x0000000087b00000| Complete 
| 124|0x0000000087c00000, 0x0000000087d00000, 0x0000000087d00000|100%| E|CS|TAMS 0x0000000087c00000, 0x0000000087c00000| Complete 
| 125|0x0000000087d00000, 0x0000000087e00000, 0x0000000087e00000|100%| E|CS|TAMS 0x0000000087d00000, 0x0000000087d00000| Complete 
| 126|0x0000000087e00000, 0x0000000087f00000, 0x0000000087f00000|100%| E|CS|TAMS 0x0000000087e00000, 0x0000000087e00000| Complete 
| 127|0x0000000087f00000, 0x0000000088000000, 0x0000000088000000|100%| E|CS|TAMS 0x0000000087f00000, 0x0000000087f00000| Complete 
| 128|0x0000000088000000, 0x0000000088100000, 0x0000000088100000|100%| E|CS|TAMS 0x0000000088000000, 0x0000000088000000| Complete 
| 129|0x0000000088100000, 0x0000000088200000, 0x0000000088200000|100%| E|CS|TAMS 0x0000000088100000, 0x0000000088100000| Complete 
| 130|0x0000000088200000, 0x0000000088300000, 0x0000000088300000|100%| E|CS|TAMS 0x0000000088200000, 0x0000000088200000| Complete 
| 131|0x0000000088300000, 0x0000000088400000, 0x0000000088400000|100%| E|CS|TAMS 0x0000000088300000, 0x0000000088300000| Complete 
| 132|0x0000000088400000, 0x0000000088500000, 0x0000000088500000|100%| E|CS|TAMS 0x0000000088400000, 0x0000000088400000| Complete 
| 133|0x0000000088500000, 0x0000000088600000, 0x0000000088600000|100%| E|CS|TAMS 0x0000000088500000, 0x0000000088500000| Complete 
| 134|0x0000000088600000, 0x0000000088700000, 0x0000000088700000|100%| E|CS|TAMS 0x0000000088600000, 0x0000000088600000| Complete 
| 135|0x0000000088700000, 0x0000000088800000, 0x0000000088800000|100%| E|CS|TAMS 0x0000000088700000, 0x0000000088700000| Complete 
| 136|0x0000000088800000, 0x0000000088900000, 0x0000000088900000|100%| E|CS|TAMS 0x0000000088800000, 0x0000000088800000| Complete 
| 137|0x0000000088900000, 0x0000000088a00000, 0x0000000088a00000|100%| E|CS|TAMS 0x0000000088900000, 0x0000000088900000| Complete 
| 138|0x0000000088a00000, 0x0000000088b00000, 0x0000000088b00000|100%| E|CS|TAMS 0x0000000088a00000, 0x0000000088a00000| Complete 
| 139|0x0000000088b00000, 0x0000000088c00000, 0x0000000088c00000|100%| E|CS|TAMS 0x0000000088b00000, 0x0000000088b00000| Complete 

Card table byte_map: [0x000001e6a22f0000,0x000001e6a26f0000] _byte_map_base: 0x000001e6a1ef0000

Marking Bits (Prev, Next): (CMBitMap*) 0x000001e68f0ee020, (CMBitMap*) 0x000001e68f0edfe8
 Prev Bits: [0x000001e6a4af0000, 0x000001e6a6af0000)
 Next Bits: [0x000001e6a2af0000, 0x000001e6a4af0000)

Polling page: 0x000001e68d010000

Metaspace:

Usage:
  Non-class:     64.32 MB capacity,    63.27 MB ( 98%) used,   898.45 KB (  1%) free+waste,   181.06 KB ( <1%) overhead. 
      Class:     10.02 MB capacity,     9.41 MB ( 94%) used,   547.23 KB (  5%) free+waste,    83.69 KB ( <1%) overhead. 
       Both:     74.34 MB capacity,    72.67 MB ( 98%) used,     1.41 MB (  2%) free+waste,   264.75 KB ( <1%) overhead. 

Virtual space:
  Non-class space:       66.00 MB reserved,      64.38 MB ( 98%) committed 
      Class space:        1.00 GB reserved,      10.15 MB ( <1%) committed 
             Both:        1.06 GB reserved,      74.53 MB (  7%) committed 

Chunk freelists:
   Non-Class:  60.00 KB
       Class:  9.00 KB
        Both:  69.00 KB

MaxMetaspaceSize: 17179869184.00 GB
CompressedClassSpaceSize: 1.00 GB
Initial GC threshold: 20.80 MB
Current GC threshold: 98.80 MB
CDS: off

CodeHeap 'non-profiled nmethods': size=120000Kb used=3217Kb max_used=3217Kb free=116782Kb
 bounds [0x000001e69a690000, 0x000001e69a9c0000, 0x000001e6a1bc0000]
CodeHeap 'profiled nmethods': size=120000Kb used=14773Kb max_used=14773Kb free=105226Kb
 bounds [0x000001e693160000, 0x000001e693fd0000, 0x000001e69a690000]
CodeHeap 'non-nmethods': size=5760Kb used=2353Kb max_used=2393Kb free=3406Kb
 bounds [0x000001e692bc0000, 0x000001e692e30000, 0x000001e693160000]
 total_blobs=7786 nmethods=6918 adapters=779
 compilation: enabled
              stopped_count=0, restarted_count=0
 full_count=0

Compilation events (20 events):
Event: 22.021 Thread 0x000001e6a9567000 7072       2       java.util.regex.Pattern$CharPropertyGreedy::match (122 bytes)
Event: 22.022 Thread 0x000001e6a9567000 nmethod 7072 0x000001e693fca190 code [0x000001e693fca380, 0x000001e693fca738]
Event: 22.031 Thread 0x000001e6a9567000 7073       2       java.util.regex.Matcher::find (35 bytes)
Event: 22.031 Thread 0x000001e6a9567000 nmethod 7073 0x000001e693fca910 code [0x000001e693fcab00, 0x000001e693fcad58]
Event: 22.051 Thread 0x000001e6a9567000 7075       2       java.util.regex.Pattern$BranchConn::match (11 bytes)
Event: 22.051 Thread 0x000001e6a9567000 nmethod 7075 0x000001e693fcae90 code [0x000001e693fcb040, 0x000001e693fcb168]
Event: 22.058 Thread 0x000001e6a9567000 7076       2       java.util.Formatter$FixedString::<init> (26 bytes)
Event: 22.059 Thread 0x000001e6a9567000 nmethod 7076 0x000001e693fcb210 code [0x000001e693fcb3c0, 0x000001e693fcb578]
Event: 22.059 Thread 0x000001e6a9567000 7077       2       java.util.Formatter$FixedString::print (26 bytes)
Event: 22.059 Thread 0x000001e6a9567000 nmethod 7077 0x000001e693fcb610 code [0x000001e693fcb7c0, 0x000001e693fcb8e8]
Event: 22.059 Thread 0x000001e6a9567000 7078       2       java.lang.StringBuilder::append (8 bytes)
Event: 22.059 Thread 0x000001e6a9567000 nmethod 7078 0x000001e693fcb990 code [0x000001e693fcbb40, 0x000001e693fcbc68]
Event: 22.099 Thread 0x000001e6a9567000 7079       2       java.util.Formatter::ensureOpen (16 bytes)
Event: 22.099 Thread 0x000001e6a9567000 nmethod 7079 0x000001e693fcbd10 code [0x000001e693fcbec0, 0x000001e693fcc028]
Event: 22.120 Thread 0x000001e6a9567000 7080   !   2       jdk.internal.loader.BuiltinClassLoader$2::run (114 bytes)
Event: 22.121 Thread 0x000001e6a9567000 nmethod 7080 0x000001e693fcc110 code [0x000001e693fcc340, 0x000001e693fcc818]
Event: 22.143 Thread 0x000001e6a9567000 7086 %     3       jdk.internal.loader.URLClassPath::findResource @ 3 (38 bytes)
Event: 22.143 Thread 0x000001e6a9567000 nmethod 7086% 0x000001e693fccb10 code [0x000001e693fccd00, 0x000001e693fcd098]
Event: 22.146 Thread 0x000001e6a9567000 7087       2       java.lang.ModuleLayer::boot (4 bytes)
Event: 22.147 Thread 0x000001e6a9567000 nmethod 7087 0x000001e693fcd210 code [0x000001e693fcd3c0, 0x000001e693fcd4b8]

GC Heap History (20 events):
Event: 9.938 GC heap before
{Heap before GC invocations=9 (full 0):
 garbage-first heap   total 98304K, used 66744K [0x0000000080000000, 0x0000000100000000)
  region size 1024K, 47 young (48128K), 6 survivors (6144K)
 Metaspace       used 38911K, capacity 39827K, committed 40060K, reserved 1083392K
  class space    used 4885K, capacity 5223K, committed 5324K, reserved 1048576K
}
Event: 9.954 GC heap after
{Heap after GC invocations=10 (full 0):
 garbage-first heap   total 118784K, used 26320K [0x0000000080000000, 0x0000000100000000)
  region size 1024K, 6 young (6144K), 6 survivors (6144K)
 Metaspace       used 38911K, capacity 39827K, committed 40060K, reserved 1083392K
  class space    used 4885K, capacity 5223K, committed 5324K, reserved 1048576K
}
Event: 11.210 GC heap before
{Heap before GC invocations=10 (full 0):
 garbage-first heap   total 118784K, used 76496K [0x0000000080000000, 0x0000000100000000)
  region size 1024K, 55 young (56320K), 6 survivors (6144K)
 Metaspace       used 42716K, capacity 43746K, committed 44028K, reserved 1087488K
  class space    used 5448K, capacity 5838K, committed 5964K, reserved 1048576K
}
Event: 11.220 GC heap after
{Heap after GC invocations=11 (full 0):
 garbage-first heap   total 118784K, used 29215K [0x0000000080000000, 0x0000000100000000)
  region size 1024K, 6 young (6144K), 6 survivors (6144K)
 Metaspace       used 42716K, capacity 43746K, committed 44028K, reserved 1087488K
  class space    used 5448K, capacity 5838K, committed 5964K, reserved 1048576K
}
Event: 12.362 GC heap before
{Heap before GC invocations=11 (full 0):
 garbage-first heap   total 118784K, used 80415K [0x0000000080000000, 0x0000000100000000)
  region size 1024K, 56 young (57344K), 6 survivors (6144K)
 Metaspace       used 47132K, capacity 48230K, committed 48380K, reserved 1091584K
  class space    used 5985K, capacity 6395K, committed 6476K, reserved 1048576K
}
Event: 12.373 GC heap after
{Heap after GC invocations=12 (full 0):
 garbage-first heap   total 118784K, used 30831K [0x0000000080000000, 0x0000000100000000)
  region size 1024K, 5 young (5120K), 5 survivors (5120K)
 Metaspace       used 47132K, capacity 48230K, committed 48380K, reserved 1091584K
  class space    used 5985K, capacity 6395K, committed 6476K, reserved 1048576K
}
Event: 14.001 GC heap before
{Heap before GC invocations=12 (full 0):
 garbage-first heap   total 118784K, used 87151K [0x0000000080000000, 0x0000000100000000)
  region size 1024K, 56 young (57344K), 5 survivors (5120K)
 Metaspace       used 48925K, capacity 50183K, committed 50428K, reserved 1093632K
  class space    used 6179K, capacity 6649K, committed 6732K, reserved 1048576K
}
Event: 14.017 GC heap after
{Heap after GC invocations=13 (full 0):
 garbage-first heap   total 118784K, used 42407K [0x0000000080000000, 0x0000000100000000)
  region size 1024K, 7 young (7168K), 7 survivors (7168K)
 Metaspace       used 48925K, capacity 50183K, committed 50428K, reserved 1093632K
  class space    used 6179K, capacity 6649K, committed 6732K, reserved 1048576K
}
Event: 15.329 GC heap before
{Heap before GC invocations=13 (full 0):
 garbage-first heap   total 118784K, used 87463K [0x0000000080000000, 0x0000000100000000)
  region size 1024K, 51 young (52224K), 7 survivors (7168K)
 Metaspace       used 55054K, capacity 56469K, committed 56572K, reserved 1097728K
  class space    used 6937K, capacity 7486K, committed 7500K, reserved 1048576K
}
Event: 15.342 GC heap after
{Heap after GC invocations=14 (full 0):
 garbage-first heap   total 118784K, used 45273K [0x0000000080000000, 0x0000000100000000)
  region size 1024K, 2 young (2048K), 2 survivors (2048K)
 Metaspace       used 55054K, capacity 56469K, committed 56572K, reserved 1097728K
  class space    used 6937K, capacity 7486K, committed 7500K, reserved 1048576K
}
Event: 16.138 GC heap before
{Heap before GC invocations=14 (full 0):
 garbage-first heap   total 118784K, used 69849K [0x0000000080000000, 0x0000000100000000)
  region size 1024K, 27 young (27648K), 2 survivors (2048K)
 Metaspace       used 58795K, capacity 60243K, committed 60368K, reserved 1101824K
  class space    used 7416K, capacity 7952K, committed 8012K, reserved 1048576K
}
Event: 16.147 GC heap after
{Heap after GC invocations=15 (full 0):
 garbage-first heap   total 118784K, used 45828K [0x0000000080000000, 0x0000000100000000)
  region size 1024K, 3 young (3072K), 3 survivors (3072K)
 Metaspace       used 58795K, capacity 60243K, committed 60368K, reserved 1101824K
  class space    used 7416K, capacity 7952K, committed 8012K, reserved 1048576K
}
Event: 17.029 GC heap before
{Heap before GC invocations=16 (full 0):
 garbage-first heap   total 118784K, used 92932K [0x0000000080000000, 0x0000000100000000)
  region size 1024K, 43 young (44032K), 3 survivors (3072K)
 Metaspace       used 62153K, capacity 63563K, committed 63900K, reserved 1105920K
  class space    used 7816K, capacity 8368K, committed 8472K, reserved 1048576K
}
Event: 17.041 GC heap after
{Heap after GC invocations=17 (full 0):
 garbage-first heap   total 118784K, used 49743K [0x0000000080000000, 0x0000000100000000)
  region size 1024K, 6 young (6144K), 6 survivors (6144K)
 Metaspace       used 62153K, capacity 63563K, committed 63900K, reserved 1105920K
  class space    used 7816K, capacity 8368K, committed 8472K, reserved 1048576K
}
Event: 18.132 GC heap before
{Heap before GC invocations=17 (full 0):
 garbage-first heap   total 118784K, used 90703K [0x0000000080000000, 0x0000000100000000)
  region size 1024K, 45 young (46080K), 6 survivors (6144K)
 Metaspace       used 64955K, capacity 66418K, committed 66588K, reserved 1107968K
  class space    used 8177K, capacity 8735K, committed 8856K, reserved 1048576K
}
Event: 18.144 GC heap after
{Heap after GC invocations=18 (full 0):
 garbage-first heap   total 143360K, used 52610K [0x0000000080000000, 0x0000000100000000)
  region size 1024K, 3 young (3072K), 3 survivors (3072K)
 Metaspace       used 64955K, capacity 66418K, committed 66588K, reserved 1107968K
  class space    used 8177K, capacity 8735K, committed 8856K, reserved 1048576K
}
Event: 19.550 GC heap before
{Heap before GC invocations=18 (full 0):
 garbage-first heap   total 143360K, used 100738K [0x0000000080000000, 0x0000000100000000)
  region size 1024K, 50 young (51200K), 3 survivors (3072K)
 Metaspace       used 66314K, capacity 67855K, committed 67996K, reserved 1107968K
  class space    used 8354K, capacity 8935K, committed 8984K, reserved 1048576K
}
Event: 19.560 GC heap after
{Heap after GC invocations=19 (full 0):
 garbage-first heap   total 143360K, used 55823K [0x0000000080000000, 0x0000000100000000)
  region size 1024K, 6 young (6144K), 6 survivors (6144K)
 Metaspace       used 66314K, capacity 67855K, committed 67996K, reserved 1107968K
  class space    used 8354K, capacity 8935K, committed 8984K, reserved 1048576K
}
Event: 21.394 GC heap before
{Heap before GC invocations=19 (full 0):
 garbage-first heap   total 143360K, used 103951K [0x0000000080000000, 0x0000000100000000)
  region size 1024K, 53 young (54272K), 6 survivors (6144K)
 Metaspace       used 71659K, capacity 73256K, committed 73628K, reserved 1114112K
  class space    used 9238K, capacity 9870K, committed 10008K, reserved 1048576K
}
Event: 21.412 GC heap after
{Heap after GC invocations=20 (full 0):
 garbage-first heap   total 143360K, used 59002K [0x0000000080000000, 0x0000000100000000)
  region size 1024K, 7 young (7168K), 7 survivors (7168K)
 Metaspace       used 71659K, capacity 73256K, committed 73628K, reserved 1114112K
  class space    used 9238K, capacity 9870K, committed 10008K, reserved 1048576K
}

Deoptimization events (20 events):
Event: 21.231 Thread 0x000001e6abd84800 Uncommon trap: trap_request=0xffffff4d fr.pc=0x000001e69a8623f4 relative=0x00000000000001b4
Event: 21.231 Thread 0x000001e6abd84800 Uncommon trap: reason=unstable_if action=reinterpret pc=0x000001e69a8623f4 method=com.esotericsoftware.kryo.io.Input.require(I)I @ 65 c2
Event: 21.231 Thread 0x000001e6abd84800 DEOPT PACKING pc=0x000001e69a8623f4 sp=0x000000b86b9f8b10
Event: 21.231 Thread 0x000001e6abd84800 DEOPT UNPACKING pc=0x000001e692c0a1af sp=0x000000b86b9f8ad0 mode 2
Event: 21.616 Thread 0x000001e6abd84800 Uncommon trap: trap_request=0xffffffde fr.pc=0x000001e69a970a84 relative=0x0000000000002be4
Event: 21.616 Thread 0x000001e6abd84800 Uncommon trap: reason=class_check action=maybe_recompile pc=0x000001e69a970a84 method=java.util.TreeMap.put(Ljava/lang/Object;Ljava/lang/Object;)Ljava/lang/Object; @ 127 c2
Event: 21.616 Thread 0x000001e6abd84800 DEOPT PACKING pc=0x000001e69a970a84 sp=0x000000b86b9fa5c0
Event: 21.616 Thread 0x000001e6abd84800 DEOPT UNPACKING pc=0x000001e692c0a1af sp=0x000000b86b9fa570 mode 2
Event: 21.741 Thread 0x000001e6abd84800 Uncommon trap: trap_request=0xffffff4d fr.pc=0x000001e69a6fbbfc relative=0x000000000000099c
Event: 21.741 Thread 0x000001e6abd84800 Uncommon trap: reason=unstable_if action=reinterpret pc=0x000001e69a6fbbfc method=java.util.HashMap.resize()[Ljava/util/HashMap$Node; @ 203 c2
Event: 21.741 Thread 0x000001e6abd84800 DEOPT PACKING pc=0x000001e69a6fbbfc sp=0x000000b86b9f89f0
Event: 21.741 Thread 0x000001e6abd84800 DEOPT UNPACKING pc=0x000001e692c0a1af sp=0x000000b86b9f89a0 mode 2
Event: 21.741 Thread 0x000001e6abd84800 Uncommon trap: trap_request=0xffffff4d fr.pc=0x000001e69a96c778 relative=0x00000000000002b8
Event: 21.741 Thread 0x000001e6abd84800 Uncommon trap: reason=unstable_if action=reinterpret pc=0x000001e69a96c778 method=java.util.HashMap.getNode(ILjava/lang/Object;)Ljava/util/HashMap$Node; @ 84 c2
Event: 21.741 Thread 0x000001e6abd84800 DEOPT PACKING pc=0x000001e69a96c778 sp=0x000000b86b9f8ad0
Event: 21.741 Thread 0x000001e6abd84800 DEOPT UNPACKING pc=0x000001e692c0a1af sp=0x000000b86b9f89e0 mode 2
Event: 21.742 Thread 0x000001e6abd84800 Uncommon trap: trap_request=0xffffff4d fr.pc=0x000001e69a8aca60 relative=0x00000000000001a0
Event: 21.742 Thread 0x000001e6abd84800 Uncommon trap: reason=unstable_if action=reinterpret pc=0x000001e69a8aca60 method=java.util.HashMap.getNode(ILjava/lang/Object;)Ljava/util/HashMap$Node; @ 84 c2
Event: 21.742 Thread 0x000001e6abd84800 DEOPT PACKING pc=0x000001e69a8aca60 sp=0x000000b86b9f8a40
Event: 21.742 Thread 0x000001e6abd84800 DEOPT UNPACKING pc=0x000001e692c0a1af sp=0x000000b86b9f89c8 mode 2

Classes redefined (0 events):
No events

Internal exceptions (20 events):
Event: 19.065 Thread 0x000001e6abd84800 Exception <a 'java/lang/ClassNotFoundException'{0x00000000868e1580}: org/gradle/api/JavaVersionBeanInfo> (0x00000000868e1580) thrown at [./src/hotspot/share/classfile/systemDictionary.cpp, line 231]
Event: 19.069 Thread 0x000001e6abd84800 Exception <a 'java/lang/ClassNotFoundException'{0x00000000867108b0}: org/gradle/api/JavaVersionCustomizer> (0x00000000867108b0) thrown at [./src/hotspot/share/classfile/systemDictionary.cpp, line 231]
Event: 19.080 Thread 0x000001e6abd84800 Exception <a 'java/lang/ClassNotFoundException'{0x000000008677b6f8}: com/android/build/gradle/internal/CompileOptions$AgpDecorated_DecoratedBeanInfo> (0x000000008677b6f8) thrown at [./src/hotspot/share/classfile/systemDictionary.cpp, line 231]
Event: 19.082 Thread 0x000001e6abd84800 Exception <a 'java/lang/ClassNotFoundException'{0x0000000086799f78}: com/android/build/gradle/internal/CompileOptions$AgpDecoratedBeanInfo> (0x0000000086799f78) thrown at [./src/hotspot/share/classfile/systemDictionary.cpp, line 231]
Event: 19.083 Thread 0x000001e6abd84800 Exception <a 'java/lang/ClassNotFoundException'{0x00000000867b5fb8}: com/android/build/gradle/internal/CompileOptionsBeanInfo> (0x00000000867b5fb8) thrown at [./src/hotspot/share/classfile/systemDictionary.cpp, line 231]
Event: 19.085 Thread 0x000001e6abd84800 Exception <a 'java/lang/ClassNotFoundException'{0x00000000867d2a78}: com/android/build/gradle/internal/CompileOptionsCustomizer> (0x00000000867d2a78) thrown at [./src/hotspot/share/classfile/systemDictionary.cpp, line 231]
Event: 19.091 Thread 0x000001e6abd84800 Exception <a 'java/lang/ClassNotFoundException'{0x00000000867fd4e8}: com/android/build/gradle/internal/CompileOptions$AgpDecoratedCustomizer> (0x00000000867fd4e8) thrown at [./src/hotspot/share/classfile/systemDictionary.cpp, line 231]
Event: 19.095 Thread 0x000001e6abd84800 Exception <a 'java/lang/ClassNotFoundException'{0x000000008662b070}: com/android/build/gradle/internal/CompileOptions$AgpDecorated_DecoratedCustomizer> (0x000000008662b070) thrown at [./src/hotspot/share/classfile/systemDictionary.cpp, line 231]
Event: 19.146 Thread 0x000001e6abd84800 Exception <a 'java/lang/ClassNotFoundException'{0x0000000086565920}: org/gradle/api/internal/artifacts/dsl/dependencies/DefaultDependencyHandler_DecoratedBeanInfo> (0x0000000086565920) thrown at [./src/hotspot/share/classfile/systemDictionary.cpp, line 231]
Event: 19.149 Thread 0x000001e6abd84800 Exception <a 'java/lang/ClassNotFoundException'{0x00000000865b6188}: org/gradle/api/internal/artifacts/dsl/dependencies/DefaultDependencyHandlerBeanInfo> (0x00000000865b6188) thrown at [./src/hotspot/share/classfile/systemDictionary.cpp, line 231]
Event: 19.157 Thread 0x000001e6abd84800 Exception <a 'java/lang/ClassNotFoundException'{0x0000000086406e30}: org/gradle/api/internal/artifacts/dsl/dependencies/DefaultDependencyHandlerCustomizer> (0x0000000086406e30) thrown at [./src/hotspot/share/classfile/systemDictionary.cpp, line 231]
Event: 19.164 Thread 0x000001e6abd84800 Exception <a 'java/lang/ClassNotFoundException'{0x0000000086481aa8}: org/gradle/api/internal/artifacts/dsl/dependencies/DefaultDependencyHandler_DecoratedCustomizer> (0x0000000086481aa8) thrown at [./src/hotspot/share/classfile/systemDictionary.cpp, line 231]
Event: 21.065 Thread 0x000001e6abd84800 Exception <a 'java/lang/ClassNotFoundException'{0x0000000086437bf0}: com/android/build/gradle/internal/api/ApkVariantOutputImpl_DecoratedBeanInfo> (0x0000000086437bf0) thrown at [./src/hotspot/share/classfile/systemDictionary.cpp, line 231]
Event: 21.066 Thread 0x000001e6abd84800 Exception <a 'java/lang/ClassNotFoundException'{0x0000000086454358}: com/android/build/gradle/internal/api/ApkVariantOutputImplBeanInfo> (0x0000000086454358) thrown at [./src/hotspot/share/classfile/systemDictionary.cpp, line 231]
Event: 21.067 Thread 0x000001e6abd84800 Exception <a 'java/lang/ClassNotFoundException'{0x00000000864712b8}: com/android/build/gradle/internal/api/BaseVariantOutputImplBeanInfo> (0x00000000864712b8) thrown at [./src/hotspot/share/classfile/systemDictionary.cpp, line 231]
Event: 21.069 Thread 0x000001e6abd84800 Exception <a 'java/lang/ClassNotFoundException'{0x000000008648e520}: com/android/build/gradle/internal/api/BaseVariantOutputImplCustomizer> (0x000000008648e520) thrown at [./src/hotspot/share/classfile/systemDictionary.cpp, line 231]
Event: 21.073 Thread 0x000001e6abd84800 Exception <a 'java/lang/ClassNotFoundException'{0x00000000864bdb80}: com/android/build/gradle/internal/api/ApkVariantOutputImplCustomizer> (0x00000000864bdb80) thrown at [./src/hotspot/share/classfile/systemDictionary.cpp, line 231]
Event: 21.080 Thread 0x000001e6abd84800 Exception <a 'java/lang/ClassNotFoundException'{0x00000000864e9930}: com/android/build/gradle/internal/api/ApkVariantOutputImpl_DecoratedCustomizer> (0x00000000864e9930) thrown at [./src/hotspot/share/classfile/systemDictionary.cpp, line 231]
Event: 21.124 Thread 0x000001e6abd84800 Exception <a 'java/lang/NoClassDefFoundError'{0x0000000086281750}: org/jetbrains/kotlin/gradle/plugin/KotlinBasePluginWrapper> (0x0000000086281750) thrown at [./src/hotspot/share/classfile/systemDictionary.cpp, line 220]
Event: 21.963 Thread 0x000001e6abd84800 Exception <a 'sun/nio/fs/WindowsException'{0x000000008787f490}> (0x000000008787f490) thrown at [./src/hotspot/share/prims/jni.cpp, line 616]

Events (20 events):
Event: 22.181 loading class com/sun/xml/bind/v2/runtime/AnyTypeBeanInfo
Event: 22.181 loading class com/sun/xml/bind/v2/runtime/AnyTypeBeanInfo done
Event: 22.182 loading class com/sun/xml/bind/v2/runtime/LeafBeanInfoImpl
Event: 22.182 loading class com/sun/xml/bind/v2/runtime/LeafBeanInfoImpl done
Event: 22.183 loading class javax/xml/bind/JAXBIntrospector
Event: 22.183 loading class javax/xml/bind/JAXBIntrospector done
Event: 22.184 loading class com/sun/xml/bind/v2/runtime/JAXBContextImpl$3
Event: 22.184 loading class com/sun/xml/bind/v2/runtime/JAXBContextImpl$3 done
Event: 22.185 loading class com/sun/xml/bind/api/BridgeContext
Event: 22.185 loading class com/sun/xml/bind/api/BridgeContext done
Event: 22.185 loading class com/sun/xml/bind/v2/runtime/BridgeContextImpl
Event: 22.185 loading class com/sun/xml/bind/v2/runtime/BridgeContextImpl done
Event: 22.186 loading class com/sun/xml/bind/api/RawAccessor
Event: 22.186 loading class com/sun/xml/bind/api/RawAccessor done
Event: 22.186 loading class com/sun/xml/bind/v2/runtime/JAXBContextImpl$5
Event: 22.186 loading class com/sun/xml/bind/v2/runtime/JAXBContextImpl$5 done
Event: 22.187 loading class com/sun/xml/bind/v2/model/core/TypeInfoSet
Event: 22.187 loading class com/sun/xml/bind/v2/model/core/TypeInfoSet done
Event: 22.187 loading class com/sun/xml/bind/api/AccessorException
Event: 22.187 loading class com/sun/xml/bind/api/AccessorException done


Dynamic libraries:
0x00007ff780aa0000 - 0x00007ff780aaa000 	C:\Program Files\Android\Android Studio\jre\bin\java.exe
0x00007ffb3eb50000 - 0x00007ffb3ed64000 	C:\WINDOWS\SYSTEM32\ntdll.dll
0x00007ffb3c960000 - 0x00007ffb3ca22000 	C:\WINDOWS\System32\KERNEL32.DLL
0x00007ffb3c280000 - 0x00007ffb3c61c000 	C:\WINDOWS\System32\KERNELBASE.dll
0x00007ffb3c160000 - 0x00007ffb3c271000 	C:\WINDOWS\System32\ucrtbase.dll
0x00007ffb37880000 - 0x00007ffb37897000 	C:\Program Files\Android\Android Studio\jre\bin\VCRUNTIME140.dll
0x00007ffb377f0000 - 0x00007ffb37809000 	C:\Program Files\Android\Android Studio\jre\bin\jli.dll
0x00007ffb3ca30000 - 0x00007ffb3cbda000 	C:\WINDOWS\System32\USER32.dll
0x00007ffb27170000 - 0x00007ffb273fe000 	C:\WINDOWS\WinSxS\amd64_microsoft.windows.common-controls_6595b64144ccf1df_6.0.22621.608_none_a9444ca7c10bb01d\COMCTL32.dll
0x00007ffb3c620000 - 0x00007ffb3c646000 	C:\WINDOWS\System32\win32u.dll
0x00007ffb3e060000 - 0x00007ffb3e107000 	C:\WINDOWS\System32\msvcrt.dll
0x00007ffb3cda0000 - 0x00007ffb3cdc9000 	C:\WINDOWS\System32\GDI32.dll
0x00007ffb3c650000 - 0x00007ffb3c762000 	C:\WINDOWS\System32\gdi32full.dll
0x00007ffb3c8b0000 - 0x00007ffb3c94a000 	C:\WINDOWS\System32\msvcp_win.dll
0x00007ffb3dd00000 - 0x00007ffb3dd31000 	C:\WINDOWS\System32\IMM32.DLL
0x00007ffb22c90000 - 0x00007ffb22d2d000 	C:\Program Files\Android\Android Studio\jre\bin\msvcp140.dll
0x00007ffb0fc10000 - 0x00007ffb10712000 	C:\Program Files\Android\Android Studio\jre\bin\server\jvm.dll
0x00007ffb3ea60000 - 0x00007ffb3eb0e000 	C:\WINDOWS\System32\ADVAPI32.dll
0x00007ffb3ddd0000 - 0x00007ffb3de74000 	C:\WINDOWS\System32\sechost.dll
0x00007ffb3d920000 - 0x00007ffb3da35000 	C:\WINDOWS\System32\RPCRT4.dll
0x00007ffb3c950000 - 0x00007ffb3c958000 	C:\WINDOWS\System32\PSAPI.DLL
0x00007ffb2a380000 - 0x00007ffb2a389000 	C:\WINDOWS\SYSTEM32\WSOCK32.dll
0x00007ffb34330000 - 0x00007ffb34364000 	C:\WINDOWS\SYSTEM32\WINMM.dll
0x00007ffb3d830000 - 0x00007ffb3d8a1000 	C:\WINDOWS\System32\WS2_32.dll
0x00007ffb37990000 - 0x00007ffb3799a000 	C:\WINDOWS\SYSTEM32\VERSION.dll
0x00007ffb3b000000 - 0x00007ffb3b018000 	C:\WINDOWS\SYSTEM32\kernel.appcore.dll
0x00007ffb26920000 - 0x00007ffb26931000 	C:\Program Files\Android\Android Studio\jre\bin\verify.dll
0x00007ffb31490000 - 0x00007ffb316be000 	C:\WINDOWS\SYSTEM32\DBGHELP.DLL
0x00007ffb3cea0000 - 0x00007ffb3d229000 	C:\WINDOWS\System32\combase.dll
0x00007ffb3cbe0000 - 0x00007ffb3ccb7000 	C:\WINDOWS\System32\OLEAUT32.dll
0x00007ffb26d90000 - 0x00007ffb26dc2000 	C:\WINDOWS\SYSTEM32\dbgcore.DLL
0x00007ffb3c770000 - 0x00007ffb3c7eb000 	C:\WINDOWS\System32\bcryptPrimitives.dll
0x00007ffb265f0000 - 0x00007ffb26619000 	C:\Program Files\Android\Android Studio\jre\bin\java.dll
0x00007ffb27b10000 - 0x00007ffb27b1b000 	C:\Program Files\Android\Android Studio\jre\bin\jimage.dll
0x00007ffb265d0000 - 0x00007ffb265e8000 	C:\Program Files\Android\Android Studio\jre\bin\zip.dll
0x00007ffb3e280000 - 0x00007ffb3ea5d000 	C:\WINDOWS\System32\SHELL32.dll
0x00007ffb39fe0000 - 0x00007ffb3a897000 	C:\WINDOWS\SYSTEM32\windows.storage.dll
0x00007ffb39ea0000 - 0x00007ffb39fdd000 	C:\WINDOWS\SYSTEM32\wintypes.dll
0x00007ffb3dbf0000 - 0x00007ffb3dce1000 	C:\WINDOWS\System32\SHCORE.dll
0x00007ffb3ccc0000 - 0x00007ffb3cd1e000 	C:\WINDOWS\System32\shlwapi.dll
0x00007ffb3beb0000 - 0x00007ffb3bed1000 	C:\WINDOWS\SYSTEM32\profapi.dll
0x00007ffb265b0000 - 0x00007ffb265ca000 	C:\Program Files\Android\Android Studio\jre\bin\net.dll
0x00007ffb32e30000 - 0x00007ffb32f5f000 	C:\WINDOWS\SYSTEM32\WINHTTP.dll
0x00007ffb3b460000 - 0x00007ffb3b4c9000 	C:\WINDOWS\system32\mswsock.dll
0x00007ffb25ef0000 - 0x00007ffb25f04000 	C:\Program Files\Android\Android Studio\jre\bin\nio.dll
0x00007ffb278d0000 - 0x00007ffb278f7000 	C:\Users\DELL\.gradle\native\e1d6ef7f7dcc3fd88c89a11ec53ec762bb8ba0a96d01ffa2cd45eb1d1d8dd5c5\windows-amd64\native-platform.dll
0x00007ffb10a00000 - 0x00007ffb10b44000 	C:\Users\DELL\.gradle\native\0d407fdbe67a94daf76414ababcb853783967236a71b16ec16e742cd7a986fd3\windows-amd64\native-platform-file-events.dll
0x00007ffb25ee0000 - 0x00007ffb25eea000 	C:\Program Files\Android\Android Studio\jre\bin\management.dll
0x00007ffb25ed0000 - 0x00007ffb25edd000 	C:\Program Files\Android\Android Studio\jre\bin\management_ext.dll
0x00007ffb3b6b0000 - 0x00007ffb3b6cb000 	C:\WINDOWS\SYSTEM32\CRYPTSP.dll
0x00007ffb3af70000 - 0x00007ffb3afa5000 	C:\WINDOWS\system32\rsaenh.dll
0x00007ffb3b550000 - 0x00007ffb3b578000 	C:\WINDOWS\SYSTEM32\USERENV.dll
0x00007ffb3b860000 - 0x00007ffb3b888000 	C:\WINDOWS\SYSTEM32\bcrypt.dll
0x00007ffb3b6a0000 - 0x00007ffb3b6ac000 	C:\WINDOWS\SYSTEM32\CRYPTBASE.dll
0x00007ffb3aaf0000 - 0x00007ffb3ab1d000 	C:\WINDOWS\SYSTEM32\IPHLPAPI.DLL
0x00007ffb3dcf0000 - 0x00007ffb3dcf9000 	C:\WINDOWS\System32\NSI.dll
0x00007ffb32e10000 - 0x00007ffb32e29000 	C:\WINDOWS\SYSTEM32\dhcpcsvc6.DLL
0x00007ffb32df0000 - 0x00007ffb32e0f000 	C:\WINDOWS\SYSTEM32\dhcpcsvc.DLL
0x00007ffb3ab60000 - 0x00007ffb3ac52000 	C:\WINDOWS\SYSTEM32\DNSAPI.dll

dbghelp: loaded successfully - version: 4.0.5 - missing functions: none
symbol engine: initialized successfully - sym options: 0x614 - pdb path: .;C:\Program Files\Android\Android Studio\jre\bin;C:\WINDOWS\SYSTEM32;C:\WINDOWS\WinSxS\amd64_microsoft.windows.common-controls_6595b64144ccf1df_6.0.22621.608_none_a9444ca7c10bb01d;C:\Program Files\Android\Android Studio\jre\bin\server;C:\Users\DELL\.gradle\native\e1d6ef7f7dcc3fd88c89a11ec53ec762bb8ba0a96d01ffa2cd45eb1d1d8dd5c5\windows-amd64;C:\Users\DELL\.gradle\native\0d407fdbe67a94daf76414ababcb853783967236a71b16ec16e742cd7a986fd3\windows-amd64

VM Arguments:
jvm_args: --add-opens=java.base/java.util=ALL-UNNAMED --add-opens=java.base/java.lang=ALL-UNNAMED --add-opens=java.base/java.lang.invoke=ALL-UNNAMED --add-opens=java.base/java.util=ALL-UNNAMED --add-opens=java.prefs/java.util.prefs=ALL-UNNAMED --add-opens=java.prefs/java.util.prefs=ALL-UNNAMED --add-opens=java.base/java.nio.charset=ALL-UNNAMED --add-opens=java.base/java.net=ALL-UNNAMED --add-opens=java.base/java.util.concurrent.atomic=ALL-UNNAMED -Xmx2048m -Dfile.encoding=UTF-8 -Duser.country=US -Duser.language=en -Duser.variant 
java_command: org.gradle.launcher.daemon.bootstrap.GradleDaemon 7.4
java_class_path (initial): C:\Users\DELL\.gradle\wrapper\dists\gradle-7.4-bin\c0gwcg53nkjbqw7r0h0umtfvt\gradle-7.4\lib\gradle-launcher-7.4.jar
Launcher Type: SUN_STANDARD

[Global flags]
     intx CICompilerCount                          = 4                                         {product} {ergonomic}
     uint ConcGCThreads                            = 2                                         {product} {ergonomic}
     uint G1ConcRefinementThreads                  = 8                                         {product} {ergonomic}
   size_t G1HeapRegionSize                         = 1048576                                   {product} {ergonomic}
    uintx GCDrainStackTargetSize                   = 64                                        {product} {ergonomic}
   size_t InitialHeapSize                          = 100663296                                 {product} {ergonomic}
   size_t MarkStackSize                            = 4194304                                   {product} {ergonomic}
   size_t MaxHeapSize                              = 2147483648                                {product} {command line}
   size_t MaxNewSize                               = 1287651328                                {product} {ergonomic}
   size_t MinHeapDeltaBytes                        = 1048576                                   {product} {ergonomic}
    uintx NonNMethodCodeHeapSize                   = 5836300                                {pd product} {ergonomic}
    uintx NonProfiledCodeHeapSize                  = 122910970                              {pd product} {ergonomic}
    uintx ProfiledCodeHeapSize                     = 122910970                              {pd product} {ergonomic}
    uintx ReservedCodeCacheSize                    = 251658240                              {pd product} {ergonomic}
     bool SegmentedCodeCache                       = true                                      {product} {ergonomic}
     bool UseCompressedClassPointers               = true                                 {lp64_product} {ergonomic}
     bool UseCompressedOops                        = true                                 {lp64_product} {ergonomic}
     bool UseG1GC                                  = true                                      {product} {ergonomic}
     bool UseLargePagesIndividualAllocation        = false                                  {pd product} {ergonomic}

Logging:
Log output configuration:
 #0: stdout all=warning uptime,level,tags
 #1: stderr all=off uptime,level,tags

Environment Variables:
PATH=C:\WINDOWS\system32;C:\WINDOWS;C:\WINDOWS\System32\Wbem;C:\WINDOWS\System32\WindowsPowerShell\v1.0\;C:\WINDOWS\System32\OpenSSH\;C:\Program Files\Git\cmd;C:\Users\DELL\AppData\Local\Microsoft\WindowsApps;C:\Users\DELL\AppData\Local\GitHubDesktop\bin;
USERNAME=DELL
OS=Windows_NT
PROCESSOR_IDENTIFIER=AMD64 Family 23 Model 24 Stepping 1, AuthenticAMD



---------------  S Y S T E M  ---------------

OS: Windows 11 , 64 bit Build 22621 (10.0.22621.608)
OS uptime: 0 days 0:14 hours

CPU:total 8 (initial active 8) (8 cores per cpu, 2 threads per core) family 23 model 24 stepping 1 microcode 0x0, cmov, cx8, fxsr, mmx, sse, sse2, sse3, ssse3, sse4.1, sse4.2, popcnt, avx, avx2, aes, clmul, mmxext, 3dnowpref, lzcnt, sse4a, ht, tsc, tscinvbit, tscinv, bmi1, bmi2, adx, sha, fma

Memory: 4k page, system-wide physical 6030M (199M free)
TotalPageFile size 12174M (AvailPageFile size 5M)
current process WorkingSet (physical memory assigned to process): 347M, peak: 347M
current process commit charge ("private bytes"): 383M, peak: 384M

vm_info: OpenJDK 64-Bit Server VM (11.0.13+0-b1751.21-8125866) for windows-amd64 JRE (11.0.13+0-b1751.21-8125866), built on Feb  2 2022 03:00:22 by "builder" with MS VC++ 14.0 (VS2015)

END.
